{"/home/math/Documents/Programação/VScode/driven/t7/modulo5/fase1/calvs-drivent/src/app.ts": {"path":"/home/math/Documents/Programação/VScode/driven/t7/modulo5/fase1/calvs-drivent/src/app.ts","statementMap":{"0":{"start":{"line":1,"column":0},"end":{"line":1,"column":26}},"1":{"start":{"line":2,"column":0},"end":{"line":2,"column":30}},"2":{"start":{"line":3,"column":0},"end":{"line":3,"column":43}},"3":{"start":{"line":4,"column":0},"end":{"line":4,"column":24}},"4":{"start":{"line":6,"column":0},"end":{"line":6,"column":60}},"5":{"start":{"line":8,"column":0},"end":{"line":8,"column":10}},"6":{"start":{"line":10,"column":0},"end":{"line":10,"column":56}},"7":{"start":{"line":11,"column":0},"end":{"line":11,"column":null}},"8":{"start":{"line":22,"column":12},"end":{"line":22,"column":21}},"9":{"start":{"line":23,"column":0},"end":{"line":35,"column":32}},"10":{"start":{"line":26,"column":33},"end":{"line":26,"column":48}},"11":{"start":{"line":38,"column":2},"end":{"line":38,"column":14}},"12":{"start":{"line":39,"column":2},"end":{"line":39,"column":30}},"13":{"start":{"line":37,"column":0},"end":{"line":37,"column":16}},"14":{"start":{"line":43,"column":2},"end":{"line":43,"column":23}},"15":{"start":{"line":42,"column":0},"end":{"line":42,"column":7}},"16":{"start":{"line":46,"column":0},"end":{"line":46,"column":19}}},"fnMap":{"0":{"name":"(anonymous_1)","decl":{"start":{"line":26,"column":18},"end":{"line":26,"column":19}},"loc":{"start":{"line":26,"column":33},"end":{"line":26,"column":48}}},"1":{"name":"init","decl":{"start":{"line":37,"column":16},"end":{"line":37,"column":20}},"loc":{"start":{"line":37,"column":20},"end":{"line":40,"column":1}}},"2":{"name":"close","decl":{"start":{"line":42,"column":22},"end":{"line":42,"column":27}},"loc":{"start":{"line":42,"column":27},"end":{"line":44,"column":1}}}},"branchMap":{},"s":{"0":11,"1":11,"2":11,"3":11,"4":11,"5":11,"6":11,"7":11,"8":11,"9":11,"10":1,"11":11,"12":11,"13":11,"14":0,"15":11,"16":11},"f":{"0":1,"1":11,"2":0},"b":{}}
,"/home/math/Documents/Programação/VScode/driven/t7/modulo5/fase1/calvs-drivent/src/server.ts": {"path":"/home/math/Documents/Programação/VScode/driven/t7/modulo5/fase1/calvs-drivent/src/server.ts","statementMap":{"0":{"start":{"line":1,"column":0},"end":{"line":1,"column":34}},"1":{"start":{"line":3,"column":13},"end":{"line":3,"column":38}},"2":{"start":{"line":5,"column":0},"end":{"line":10,"column":3}},"3":{"start":{"line":6,"column":2},"end":{"line":9,"column":5}},"4":{"start":{"line":8,"column":4},"end":{"line":8,"column":56}}},"fnMap":{"0":{"name":"(anonymous_6)","decl":{"start":{"line":5,"column":12},"end":{"line":5,"column":15}},"loc":{"start":{"line":5,"column":17},"end":{"line":10,"column":1}}},"1":{"name":"(anonymous_7)","decl":{"start":{"line":6,"column":19},"end":{"line":6,"column":22}},"loc":{"start":{"line":6,"column":24},"end":{"line":9,"column":3}}}},"branchMap":{"0":{"loc":{"start":{"line":3,"column":13},"end":{"line":3,"column":38}},"type":"binary-expr","locations":[{"start":{"line":3,"column":13},"end":{"line":3,"column":30}},{"start":{"line":3,"column":34},"end":{"line":3,"column":38}}]}},"s":{"0":0,"1":0,"2":0,"3":0,"4":0},"f":{"0":0,"1":0},"b":{"0":[0,0]}}
,"/home/math/Documents/Programação/VScode/driven/t7/modulo5/fase1/calvs-drivent/src/config/database.ts": {"path":"/home/math/Documents/Programação/VScode/driven/t7/modulo5/fase1/calvs-drivent/src/config/database.ts","statementMap":{"0":{"start":{"line":1,"column":0},"end":{"line":1,"column":46}},"1":{"start":{"line":5,"column":2},"end":{"line":5,"column":30}},"2":{"start":{"line":4,"column":0},"end":{"line":4,"column":16}},"3":{"start":{"line":9,"column":2},"end":{"line":9,"column":30}},"4":{"start":{"line":8,"column":0},"end":{"line":8,"column":7}}},"fnMap":{"0":{"name":"connectDb","decl":{"start":{"line":4,"column":16},"end":{"line":4,"column":25}},"loc":{"start":{"line":4,"column":25},"end":{"line":6,"column":1}}},"1":{"name":"disconnectDB","decl":{"start":{"line":8,"column":22},"end":{"line":8,"column":34}},"loc":{"start":{"line":8,"column":34},"end":{"line":10,"column":1}}}},"branchMap":{},"s":{"0":14,"1":11,"2":14,"3":0,"4":14},"f":{"0":11,"1":0},"b":{}}
,"/home/math/Documents/Programação/VScode/driven/t7/modulo5/fase1/calvs-drivent/src/config/envs.ts": {"path":"/home/math/Documents/Programação/VScode/driven/t7/modulo5/fase1/calvs-drivent/src/config/envs.ts","statementMap":{"0":{"start":{"line":1,"column":0},"end":{"line":1,"column":28}},"1":{"start":{"line":2,"column":0},"end":{"line":2,"column":41}},"2":{"start":{"line":6,"column":4},"end":{"line":10,"column":16}},"3":{"start":{"line":12,"column":22},"end":{"line":12,"column":45}},"4":{"start":{"line":13,"column":2},"end":{"line":13,"column":35}},"5":{"start":{"line":4,"column":0},"end":{"line":4,"column":16}}},"fnMap":{"0":{"name":"loadEnv","decl":{"start":{"line":4,"column":16},"end":{"line":4,"column":23}},"loc":{"start":{"line":4,"column":23},"end":{"line":14,"column":1}}}},"branchMap":{"0":{"loc":{"start":{"line":6,"column":4},"end":{"line":10,"column":16}},"type":"cond-expr","locations":[{"start":{"line":7,"column":8},"end":{"line":7,"column":19}},{"start":{"line":8,"column":8},"end":{"line":10,"column":16}}]},"1":{"loc":{"start":{"line":8,"column":8},"end":{"line":10,"column":16}},"type":"cond-expr","locations":[{"start":{"line":9,"column":10},"end":{"line":9,"column":28}},{"start":{"line":10,"column":10},"end":{"line":10,"column":16}}]}},"s":{"0":14,"1":14,"2":25,"3":25,"4":25,"5":14},"f":{"0":25},"b":{"0":[25,0],"1":[0,0]}}
,"/home/math/Documents/Programação/VScode/driven/t7/modulo5/fase1/calvs-drivent/src/config/index.ts": {"path":"/home/math/Documents/Programação/VScode/driven/t7/modulo5/fase1/calvs-drivent/src/config/index.ts","statementMap":{"0":{"start":{"line":1,"column":0},"end":{"line":1,"column":23}},"1":{"start":{"line":2,"column":0},"end":{"line":2,"column":27}}},"fnMap":{},"branchMap":{},"s":{"0":14,"1":14},"f":{},"b":{}}
,"/home/math/Documents/Programação/VScode/driven/t7/modulo5/fase1/calvs-drivent/src/controllers/authentication-controller.ts": {"path":"/home/math/Documents/Programação/VScode/driven/t7/modulo5/fase1/calvs-drivent/src/controllers/authentication-controller.ts","statementMap":{"0":{"start":{"line":1,"column":0},"end":{"line":1,"column":88}},"1":{"start":{"line":3,"column":0},"end":{"line":3,"column":37}},"2":{"start":{"line":5,"column":30},"end":{"line":5,"column":54}},"3":{"start":{"line":7,"column":2},"end":{"line":13,"column":null}},"4":{"start":{"line":8,"column":19},"end":{"line":8,"column":74}},"5":{"start":{"line":10,"column":4},"end":{"line":10,"column":50}},"6":{"start":{"line":12,"column":4},"end":{"line":12,"column":56}},"7":{"start":{"line":4,"column":0},"end":{"line":4,"column":7}}},"fnMap":{"0":{"name":"singInPost","decl":{"start":{"line":4,"column":22},"end":{"line":4,"column":32}},"loc":{"start":{"line":4,"column":60},"end":{"line":14,"column":1}}}},"branchMap":{},"s":{"0":11,"1":11,"2":5,"3":5,"4":5,"5":3,"6":2,"7":11},"f":{"0":5},"b":{}}
,"/home/math/Documents/Programação/VScode/driven/t7/modulo5/fase1/calvs-drivent/src/controllers/booking-controller.ts": {"path":"/home/math/Documents/Programação/VScode/driven/t7/modulo5/fase1/calvs-drivent/src/controllers/booking-controller.ts","statementMap":{"0":{"start":{"line":3,"column":0},"end":{"line":3,"column":56}},"1":{"start":{"line":4,"column":0},"end":{"line":4,"column":37}},"2":{"start":{"line":7,"column":21},"end":{"line":7,"column":24}},"3":{"start":{"line":9,"column":2},"end":{"line":14,"column":null}},"4":{"start":{"line":10,"column":20},"end":{"line":10,"column":67}},"5":{"start":{"line":11,"column":4},"end":{"line":11,"column":51}},"6":{"start":{"line":13,"column":4},"end":{"line":13,"column":92}},"7":{"start":{"line":13,"column":40},"end":{"line":13,"column":92}},"8":{"start":{"line":6,"column":0},"end":{"line":6,"column":7}},"9":{"start":{"line":18,"column":21},"end":{"line":18,"column":24}},"10":{"start":{"line":19,"column":17},"end":{"line":19,"column":40}},"11":{"start":{"line":20,"column":2},"end":{"line":20,"column":67}},"12":{"start":{"line":20,"column":21},"end":{"line":20,"column":67}},"13":{"start":{"line":22,"column":2},"end":{"line":29,"column":null}},"14":{"start":{"line":23,"column":20},"end":{"line":23,"column":68}},"15":{"start":{"line":24,"column":4},"end":{"line":24,"column":51}},"16":{"start":{"line":26,"column":4},"end":{"line":26,"column":92}},"17":{"start":{"line":26,"column":40},"end":{"line":26,"column":92}},"18":{"start":{"line":27,"column":4},"end":{"line":27,"column":88}},"19":{"start":{"line":27,"column":36},"end":{"line":27,"column":88}},"20":{"start":{"line":28,"column":4},"end":{"line":28,"column":95}},"21":{"start":{"line":28,"column":43},"end":{"line":28,"column":95}},"22":{"start":{"line":17,"column":0},"end":{"line":17,"column":7}},"23":{"start":{"line":33,"column":21},"end":{"line":33,"column":24}},"24":{"start":{"line":34,"column":20},"end":{"line":34,"column":48}},"25":{"start":{"line":35,"column":17},"end":{"line":35,"column":40}},"26":{"start":{"line":36,"column":2},"end":{"line":36,"column":87}},"27":{"start":{"line":36,"column":41},"end":{"line":36,"column":87}},"28":{"start":{"line":38,"column":2},"end":{"line":45,"column":null}},"29":{"start":{"line":39,"column":20},"end":{"line":39,"column":78}},"30":{"start":{"line":40,"column":4},"end":{"line":40,"column":51}},"31":{"start":{"line":42,"column":4},"end":{"line":42,"column":92}},"32":{"start":{"line":42,"column":40},"end":{"line":42,"column":92}},"33":{"start":{"line":43,"column":4},"end":{"line":43,"column":88}},"34":{"start":{"line":43,"column":36},"end":{"line":43,"column":88}},"35":{"start":{"line":44,"column":4},"end":{"line":44,"column":95}},"36":{"start":{"line":44,"column":43},"end":{"line":44,"column":95}},"37":{"start":{"line":32,"column":0},"end":{"line":32,"column":7}}},"fnMap":{"0":{"name":"getBooking","decl":{"start":{"line":6,"column":22},"end":{"line":6,"column":32}},"loc":{"start":{"line":6,"column":73},"end":{"line":15,"column":1}}},"1":{"name":"postBooking","decl":{"start":{"line":17,"column":22},"end":{"line":17,"column":33}},"loc":{"start":{"line":17,"column":74},"end":{"line":30,"column":1}}},"2":{"name":"putBooking","decl":{"start":{"line":32,"column":22},"end":{"line":32,"column":32}},"loc":{"start":{"line":32,"column":73},"end":{"line":46,"column":1}}}},"branchMap":{"0":{"loc":{"start":{"line":13,"column":4},"end":{"line":13,"column":92}},"type":"if","locations":[{"start":{"line":13,"column":4},"end":{"line":13,"column":92}}]},"1":{"loc":{"start":{"line":20,"column":2},"end":{"line":20,"column":67}},"type":"if","locations":[{"start":{"line":20,"column":2},"end":{"line":20,"column":67}}]},"2":{"loc":{"start":{"line":26,"column":4},"end":{"line":26,"column":92}},"type":"if","locations":[{"start":{"line":26,"column":4},"end":{"line":26,"column":92}}]},"3":{"loc":{"start":{"line":27,"column":4},"end":{"line":27,"column":88}},"type":"if","locations":[{"start":{"line":27,"column":4},"end":{"line":27,"column":88}}]},"4":{"loc":{"start":{"line":28,"column":4},"end":{"line":28,"column":95}},"type":"if","locations":[{"start":{"line":28,"column":4},"end":{"line":28,"column":95}}]},"5":{"loc":{"start":{"line":36,"column":2},"end":{"line":36,"column":87}},"type":"if","locations":[{"start":{"line":36,"column":2},"end":{"line":36,"column":87}}]},"6":{"loc":{"start":{"line":36,"column":6},"end":{"line":36,"column":39}},"type":"binary-expr","locations":[{"start":{"line":36,"column":6},"end":{"line":36,"column":22}},{"start":{"line":36,"column":26},"end":{"line":36,"column":39}}]},"7":{"loc":{"start":{"line":42,"column":4},"end":{"line":42,"column":92}},"type":"if","locations":[{"start":{"line":42,"column":4},"end":{"line":42,"column":92}}]},"8":{"loc":{"start":{"line":43,"column":4},"end":{"line":43,"column":88}},"type":"if","locations":[{"start":{"line":43,"column":4},"end":{"line":43,"column":88}}]},"9":{"loc":{"start":{"line":44,"column":4},"end":{"line":44,"column":95}},"type":"if","locations":[{"start":{"line":44,"column":4},"end":{"line":44,"column":95}}]}},"s":{"0":11,"1":11,"2":2,"3":2,"4":2,"5":1,"6":1,"7":1,"8":11,"9":7,"10":7,"11":7,"12":1,"13":6,"14":6,"15":1,"16":5,"17":1,"18":4,"19":3,"20":1,"21":1,"22":11,"23":8,"24":8,"25":8,"26":8,"27":1,"28":7,"29":7,"30":1,"31":6,"32":1,"33":5,"34":3,"35":2,"36":2,"37":11},"f":{"0":2,"1":7,"2":8},"b":{"0":[1],"1":[1],"2":[1],"3":[3],"4":[1],"5":[1],"6":[8,8],"7":[1],"8":[3],"9":[2]}}
,"/home/math/Documents/Programação/VScode/driven/t7/modulo5/fase1/calvs-drivent/src/controllers/enrollments-controller.ts": {"path":"/home/math/Documents/Programação/VScode/driven/t7/modulo5/fase1/calvs-drivent/src/controllers/enrollments-controller.ts","statementMap":{"0":{"start":{"line":2,"column":0},"end":{"line":2,"column":64}},"1":{"start":{"line":4,"column":0},"end":{"line":4,"column":37}},"2":{"start":{"line":7,"column":21},"end":{"line":7,"column":24}},"3":{"start":{"line":9,"column":2},"end":{"line":15,"column":null}},"4":{"start":{"line":10,"column":34},"end":{"line":10,"column":92}},"5":{"start":{"line":12,"column":4},"end":{"line":12,"column":65}},"6":{"start":{"line":14,"column":4},"end":{"line":14,"column":49}},"7":{"start":{"line":6,"column":0},"end":{"line":6,"column":7}},"8":{"start":{"line":19,"column":2},"end":{"line":28,"column":null}},"9":{"start":{"line":20,"column":4},"end":{"line":23,"column":7}},"10":{"start":{"line":25,"column":4},"end":{"line":25,"column":41}},"11":{"start":{"line":27,"column":4},"end":{"line":27,"column":50}},"12":{"start":{"line":18,"column":0},"end":{"line":18,"column":7}},"13":{"start":{"line":32,"column":18},"end":{"line":32,"column":53}},"14":{"start":{"line":33,"column":2},"end":{"line":33,"column":51}},"15":{"start":{"line":33,"column":11},"end":{"line":33,"column":51}},"16":{"start":{"line":35,"column":2},"end":{"line":42,"column":null}},"17":{"start":{"line":36,"column":20},"end":{"line":36,"column":67}},"18":{"start":{"line":37,"column":4},"end":{"line":37,"column":51}},"19":{"start":{"line":39,"column":4},"end":{"line":41,"column":null}},"20":{"start":{"line":40,"column":6},"end":{"line":40,"column":51}},"21":{"start":{"line":31,"column":0},"end":{"line":31,"column":7}}},"fnMap":{"0":{"name":"getEnrollmentByUser","decl":{"start":{"line":6,"column":22},"end":{"line":6,"column":41}},"loc":{"start":{"line":6,"column":82},"end":{"line":16,"column":1}}},"1":{"name":"postCreateOrUpdateEnrollment","decl":{"start":{"line":18,"column":22},"end":{"line":18,"column":50}},"loc":{"start":{"line":18,"column":91},"end":{"line":29,"column":1}}},"2":{"name":"getAddressFromCEP","decl":{"start":{"line":31,"column":22},"end":{"line":31,"column":39}},"loc":{"start":{"line":31,"column":80},"end":{"line":43,"column":1}}}},"branchMap":{"0":{"loc":{"start":{"line":33,"column":2},"end":{"line":33,"column":51}},"type":"if","locations":[{"start":{"line":33,"column":2},"end":{"line":33,"column":51}}]},"1":{"loc":{"start":{"line":39,"column":4},"end":{"line":41,"column":null}},"type":"if","locations":[{"start":{"line":39,"column":4},"end":{"line":41,"column":null}}]}},"s":{"0":11,"1":11,"2":2,"3":2,"4":2,"5":1,"6":1,"7":11,"8":2,"9":2,"10":2,"11":0,"12":11,"13":2,"14":2,"15":0,"16":2,"17":2,"18":1,"19":1,"20":1,"21":11},"f":{"0":2,"1":2,"2":2},"b":{"0":[0],"1":[1]}}
,"/home/math/Documents/Programação/VScode/driven/t7/modulo5/fase1/calvs-drivent/src/controllers/events-controller.ts": {"path":"/home/math/Documents/Programação/VScode/driven/t7/modulo5/fase1/calvs-drivent/src/controllers/events-controller.ts","statementMap":{"0":{"start":{"line":1,"column":0},"end":{"line":1,"column":54}},"1":{"start":{"line":3,"column":0},"end":{"line":3,"column":37}},"2":{"start":{"line":6,"column":2},"end":{"line":11,"column":null}},"3":{"start":{"line":7,"column":18},"end":{"line":7,"column":53}},"4":{"start":{"line":8,"column":4},"end":{"line":8,"column":49}},"5":{"start":{"line":10,"column":4},"end":{"line":10,"column":53}},"6":{"start":{"line":5,"column":0},"end":{"line":5,"column":7}}},"fnMap":{"0":{"name":"getDefaultEvent","decl":{"start":{"line":5,"column":22},"end":{"line":5,"column":37}},"loc":{"start":{"line":5,"column":66},"end":{"line":12,"column":1}}}},"branchMap":{},"s":{"0":11,"1":11,"2":2,"3":2,"4":1,"5":1,"6":11},"f":{"0":2},"b":{}}
,"/home/math/Documents/Programação/VScode/driven/t7/modulo5/fase1/calvs-drivent/src/controllers/hotels-controller.ts": {"path":"/home/math/Documents/Programação/VScode/driven/t7/modulo5/fase1/calvs-drivent/src/controllers/hotels-controller.ts","statementMap":{"0":{"start":{"line":3,"column":0},"end":{"line":3,"column":37}},"1":{"start":{"line":4,"column":0},"end":{"line":4,"column":54}},"2":{"start":{"line":7,"column":21},"end":{"line":7,"column":24}},"3":{"start":{"line":9,"column":2},"end":{"line":15,"column":null}},"4":{"start":{"line":10,"column":19},"end":{"line":10,"column":56}},"5":{"start":{"line":11,"column":4},"end":{"line":11,"column":50}},"6":{"start":{"line":13,"column":4},"end":{"line":14,"column":53}},"7":{"start":{"line":14,"column":6},"end":{"line":14,"column":53}},"8":{"start":{"line":6,"column":0},"end":{"line":6,"column":7}},"9":{"start":{"line":19,"column":21},"end":{"line":19,"column":24}},"10":{"start":{"line":20,"column":18},"end":{"line":20,"column":44}},"11":{"start":{"line":21,"column":2},"end":{"line":21,"column":67}},"12":{"start":{"line":21,"column":21},"end":{"line":21,"column":67}},"13":{"start":{"line":23,"column":2},"end":{"line":29,"column":null}},"14":{"start":{"line":24,"column":18},"end":{"line":24,"column":63}},"15":{"start":{"line":25,"column":4},"end":{"line":25,"column":49}},"16":{"start":{"line":27,"column":4},"end":{"line":27,"column":91}},"17":{"start":{"line":27,"column":44},"end":{"line":27,"column":91}},"18":{"start":{"line":28,"column":4},"end":{"line":28,"column":99}},"19":{"start":{"line":28,"column":39},"end":{"line":28,"column":99}},"20":{"start":{"line":18,"column":0},"end":{"line":18,"column":7}}},"fnMap":{"0":{"name":"getHotels","decl":{"start":{"line":6,"column":22},"end":{"line":6,"column":31}},"loc":{"start":{"line":6,"column":72},"end":{"line":16,"column":1}}},"1":{"name":"getRoomsByHotelId","decl":{"start":{"line":18,"column":22},"end":{"line":18,"column":39}},"loc":{"start":{"line":18,"column":80},"end":{"line":30,"column":1}}}},"branchMap":{"0":{"loc":{"start":{"line":13,"column":4},"end":{"line":14,"column":53}},"type":"if","locations":[{"start":{"line":13,"column":4},"end":{"line":14,"column":53}}]},"1":{"loc":{"start":{"line":21,"column":2},"end":{"line":21,"column":67}},"type":"if","locations":[{"start":{"line":21,"column":2},"end":{"line":21,"column":67}}]},"2":{"loc":{"start":{"line":27,"column":4},"end":{"line":27,"column":91}},"type":"if","locations":[{"start":{"line":27,"column":4},"end":{"line":27,"column":91}}]},"3":{"loc":{"start":{"line":28,"column":4},"end":{"line":28,"column":99}},"type":"if","locations":[{"start":{"line":28,"column":4},"end":{"line":28,"column":99}}]}},"s":{"0":11,"1":11,"2":4,"3":4,"4":4,"5":1,"6":3,"7":3,"8":11,"9":3,"10":3,"11":3,"12":0,"13":3,"14":3,"15":1,"16":2,"17":1,"18":1,"19":1,"20":11},"f":{"0":4,"1":3},"b":{"0":[3],"1":[0],"2":[1],"3":[1]}}
,"/home/math/Documents/Programação/VScode/driven/t7/modulo5/fase1/calvs-drivent/src/controllers/index.ts": {"path":"/home/math/Documents/Programação/VScode/driven/t7/modulo5/fase1/calvs-drivent/src/controllers/index.ts","statementMap":{"0":{"start":{"line":1,"column":0},"end":{"line":1,"column":35}},"1":{"start":{"line":2,"column":0},"end":{"line":2,"column":44}},"2":{"start":{"line":3,"column":0},"end":{"line":3,"column":36}},"3":{"start":{"line":4,"column":0},"end":{"line":4,"column":41}},"4":{"start":{"line":5,"column":0},"end":{"line":5,"column":37}},"5":{"start":{"line":6,"column":0},"end":{"line":6,"column":38}},"6":{"start":{"line":7,"column":0},"end":{"line":7,"column":36}},"7":{"start":{"line":8,"column":0},"end":{"line":8,"column":37}}},"fnMap":{},"branchMap":{},"s":{"0":11,"1":11,"2":11,"3":11,"4":11,"5":11,"6":11,"7":11},"f":{},"b":{}}
,"/home/math/Documents/Programação/VScode/driven/t7/modulo5/fase1/calvs-drivent/src/controllers/payments-controller.ts": {"path":"/home/math/Documents/Programação/VScode/driven/t7/modulo5/fase1/calvs-drivent/src/controllers/payments-controller.ts","statementMap":{"0":{"start":{"line":3,"column":0},"end":{"line":3,"column":44}},"1":{"start":{"line":4,"column":0},"end":{"line":4,"column":37}},"2":{"start":{"line":5,"column":0},"end":{"line":5,"column":58}},"3":{"start":{"line":8,"column":21},"end":{"line":8,"column":24}},"4":{"start":{"line":9,"column":19},"end":{"line":9,"column":45}},"5":{"start":{"line":10,"column":2},"end":{"line":10,"column":111}},"6":{"start":{"line":10,"column":23},"end":{"line":10,"column":111}},"7":{"start":{"line":12,"column":2},"end":{"line":20,"column":null}},"8":{"start":{"line":13,"column":20},"end":{"line":13,"column":80}},"9":{"start":{"line":14,"column":4},"end":{"line":14,"column":51}},"10":{"start":{"line":17,"column":4},"end":{"line":17,"column":118}},"11":{"start":{"line":17,"column":40},"end":{"line":17,"column":118}},"12":{"start":{"line":18,"column":4},"end":{"line":19,"column":87}},"13":{"start":{"line":19,"column":6},"end":{"line":19,"column":87}},"14":{"start":{"line":7,"column":0},"end":{"line":7,"column":7}},"15":{"start":{"line":24,"column":21},"end":{"line":24,"column":24}},"16":{"start":{"line":26,"column":2},"end":{"line":35,"column":null}},"17":{"start":{"line":27,"column":20},"end":{"line":27,"column":73}},"18":{"start":{"line":28,"column":4},"end":{"line":28,"column":51}},"19":{"start":{"line":30,"column":4},"end":{"line":30,"column":118}},"20":{"start":{"line":30,"column":40},"end":{"line":30,"column":118}},"21":{"start":{"line":31,"column":4},"end":{"line":32,"column":69}},"22":{"start":{"line":32,"column":6},"end":{"line":32,"column":69}},"23":{"start":{"line":33,"column":4},"end":{"line":33,"column":23}},"24":{"start":{"line":34,"column":4},"end":{"line":34,"column":86}},"25":{"start":{"line":23,"column":0},"end":{"line":23,"column":7}}},"fnMap":{"0":{"name":"getPayment","decl":{"start":{"line":7,"column":22},"end":{"line":7,"column":32}},"loc":{"start":{"line":7,"column":73},"end":{"line":21,"column":1}}},"1":{"name":"postPayment","decl":{"start":{"line":23,"column":22},"end":{"line":23,"column":33}},"loc":{"start":{"line":23,"column":74},"end":{"line":36,"column":1}}}},"branchMap":{"0":{"loc":{"start":{"line":10,"column":2},"end":{"line":10,"column":111}},"type":"if","locations":[{"start":{"line":10,"column":2},"end":{"line":10,"column":111}}]},"1":{"loc":{"start":{"line":17,"column":4},"end":{"line":17,"column":118}},"type":"if","locations":[{"start":{"line":17,"column":4},"end":{"line":17,"column":118}}]},"2":{"loc":{"start":{"line":18,"column":4},"end":{"line":19,"column":87}},"type":"if","locations":[{"start":{"line":18,"column":4},"end":{"line":19,"column":87}}]},"3":{"loc":{"start":{"line":30,"column":4},"end":{"line":30,"column":118}},"type":"if","locations":[{"start":{"line":30,"column":4},"end":{"line":30,"column":118}}]},"4":{"loc":{"start":{"line":31,"column":4},"end":{"line":32,"column":69}},"type":"if","locations":[{"start":{"line":31,"column":4},"end":{"line":32,"column":69}}]}},"s":{"0":11,"1":11,"2":11,"3":4,"4":4,"5":4,"6":1,"7":3,"8":3,"9":1,"10":2,"11":1,"12":1,"13":1,"14":11,"15":5,"16":5,"17":5,"18":3,"19":2,"20":1,"21":1,"22":1,"23":0,"24":0,"25":11},"f":{"0":4,"1":5},"b":{"0":[1],"1":[1],"2":[1],"3":[1],"4":[1]}}
,"/home/math/Documents/Programação/VScode/driven/t7/modulo5/fase1/calvs-drivent/src/controllers/tickets-controller.ts": {"path":"/home/math/Documents/Programação/VScode/driven/t7/modulo5/fase1/calvs-drivent/src/controllers/tickets-controller.ts","statementMap":{"0":{"start":{"line":2,"column":0},"end":{"line":2,"column":56}},"1":{"start":{"line":4,"column":0},"end":{"line":4,"column":37}},"2":{"start":{"line":7,"column":2},"end":{"line":12,"column":null}},"3":{"start":{"line":8,"column":19},"end":{"line":8,"column":55}},"4":{"start":{"line":9,"column":4},"end":{"line":9,"column":50}},"5":{"start":{"line":11,"column":4},"end":{"line":11,"column":60}},"6":{"start":{"line":6,"column":0},"end":{"line":6,"column":7}},"7":{"start":{"line":16,"column":21},"end":{"line":16,"column":24}},"8":{"start":{"line":18,"column":2},"end":{"line":23,"column":null}},"9":{"start":{"line":19,"column":19},"end":{"line":19,"column":65}},"10":{"start":{"line":20,"column":4},"end":{"line":20,"column":50}},"11":{"start":{"line":22,"column":4},"end":{"line":22,"column":100}},"12":{"start":{"line":22,"column":40},"end":{"line":22,"column":100}},"13":{"start":{"line":15,"column":0},"end":{"line":15,"column":7}},"14":{"start":{"line":27,"column":27},"end":{"line":27,"column":35}},"15":{"start":{"line":28,"column":21},"end":{"line":28,"column":24}},"16":{"start":{"line":29,"column":2},"end":{"line":34,"column":null}},"17":{"start":{"line":30,"column":19},"end":{"line":30,"column":90}},"18":{"start":{"line":31,"column":4},"end":{"line":31,"column":55}},"19":{"start":{"line":33,"column":4},"end":{"line":33,"column":100}},"20":{"start":{"line":33,"column":40},"end":{"line":33,"column":100}},"21":{"start":{"line":26,"column":0},"end":{"line":26,"column":7}}},"fnMap":{"0":{"name":"getTicketTypesByUserId","decl":{"start":{"line":6,"column":22},"end":{"line":6,"column":44}},"loc":{"start":{"line":6,"column":85},"end":{"line":13,"column":1}}},"1":{"name":"getTicket","decl":{"start":{"line":15,"column":22},"end":{"line":15,"column":31}},"loc":{"start":{"line":15,"column":72},"end":{"line":24,"column":1}}},"2":{"name":"postTicket","decl":{"start":{"line":26,"column":22},"end":{"line":26,"column":32}},"loc":{"start":{"line":26,"column":73},"end":{"line":35,"column":1}}}},"branchMap":{"0":{"loc":{"start":{"line":22,"column":4},"end":{"line":22,"column":100}},"type":"if","locations":[{"start":{"line":22,"column":4},"end":{"line":22,"column":100}}]},"1":{"loc":{"start":{"line":33,"column":4},"end":{"line":33,"column":100}},"type":"if","locations":[{"start":{"line":33,"column":4},"end":{"line":33,"column":100}}]}},"s":{"0":11,"1":11,"2":2,"3":2,"4":2,"5":0,"6":11,"7":3,"8":3,"9":3,"10":1,"11":2,"12":2,"13":11,"14":3,"15":3,"16":3,"17":3,"18":2,"19":1,"20":1,"21":11},"f":{"0":2,"1":3,"2":3},"b":{"0":[2],"1":[1]}}
,"/home/math/Documents/Programação/VScode/driven/t7/modulo5/fase1/calvs-drivent/src/controllers/users-controller.ts": {"path":"/home/math/Documents/Programação/VScode/driven/t7/modulo5/fase1/calvs-drivent/src/controllers/users-controller.ts","statementMap":{"0":{"start":{"line":1,"column":0},"end":{"line":1,"column":51}},"1":{"start":{"line":3,"column":0},"end":{"line":3,"column":37}},"2":{"start":{"line":6,"column":30},"end":{"line":6,"column":38}},"3":{"start":{"line":8,"column":2},"end":{"line":19,"column":null}},"4":{"start":{"line":9,"column":17},"end":{"line":9,"column":66}},"5":{"start":{"line":10,"column":4},"end":{"line":13,"column":7}},"6":{"start":{"line":15,"column":4},"end":{"line":17,"column":null}},"7":{"start":{"line":16,"column":6},"end":{"line":16,"column":57}},"8":{"start":{"line":18,"column":4},"end":{"line":18,"column":58}},"9":{"start":{"line":5,"column":0},"end":{"line":5,"column":7}}},"fnMap":{"0":{"name":"usersPost","decl":{"start":{"line":5,"column":22},"end":{"line":5,"column":31}},"loc":{"start":{"line":5,"column":59},"end":{"line":20,"column":1}}}},"branchMap":{"0":{"loc":{"start":{"line":15,"column":4},"end":{"line":17,"column":null}},"type":"if","locations":[{"start":{"line":15,"column":4},"end":{"line":17,"column":null}}]}},"s":{"0":11,"1":11,"2":6,"3":6,"4":6,"5":3,"6":3,"7":1,"8":2,"9":11},"f":{"0":6},"b":{"0":[1]}}
,"/home/math/Documents/Programação/VScode/driven/t7/modulo5/fase1/calvs-drivent/src/errors/cannot-enroll-before-start-date-error.ts": {"path":"/home/math/Documents/Programação/VScode/driven/t7/modulo5/fase1/calvs-drivent/src/errors/cannot-enroll-before-start-date-error.ts","statementMap":{"0":{"start":{"line":4,"column":2},"end":{"line":7,"column":4}},"1":{"start":{"line":3,"column":0},"end":{"line":3,"column":16}}},"fnMap":{"0":{"name":"cannotEnrollBeforeStartDateError","decl":{"start":{"line":3,"column":16},"end":{"line":3,"column":48}},"loc":{"start":{"line":3,"column":48},"end":{"line":8,"column":1}}}},"branchMap":{},"s":{"0":2,"1":11},"f":{"0":2},"b":{}}
,"/home/math/Documents/Programação/VScode/driven/t7/modulo5/fase1/calvs-drivent/src/errors/conflict-error.ts": {"path":"/home/math/Documents/Programação/VScode/driven/t7/modulo5/fase1/calvs-drivent/src/errors/conflict-error.ts","statementMap":{"0":{"start":{"line":4,"column":2},"end":{"line":7,"column":4}},"1":{"start":{"line":3,"column":0},"end":{"line":3,"column":16}}},"fnMap":{"0":{"name":"conflictError","decl":{"start":{"line":3,"column":16},"end":{"line":3,"column":29}},"loc":{"start":{"line":3,"column":45},"end":{"line":8,"column":1}}}},"branchMap":{},"s":{"0":0,"1":11},"f":{"0":0},"b":{}}
,"/home/math/Documents/Programação/VScode/driven/t7/modulo5/fase1/calvs-drivent/src/errors/forbidden-error.ts": {"path":"/home/math/Documents/Programação/VScode/driven/t7/modulo5/fase1/calvs-drivent/src/errors/forbidden-error.ts","statementMap":{"0":{"start":{"line":4,"column":2},"end":{"line":7,"column":4}},"1":{"start":{"line":3,"column":0},"end":{"line":3,"column":16}}},"fnMap":{"0":{"name":"forbiddenError","decl":{"start":{"line":3,"column":16},"end":{"line":3,"column":30}},"loc":{"start":{"line":3,"column":46},"end":{"line":8,"column":1}}}},"branchMap":{},"s":{"0":6,"1":11},"f":{"0":6},"b":{}}
,"/home/math/Documents/Programação/VScode/driven/t7/modulo5/fase1/calvs-drivent/src/errors/index.ts": {"path":"/home/math/Documents/Programação/VScode/driven/t7/modulo5/fase1/calvs-drivent/src/errors/index.ts","statementMap":{"0":{"start":{"line":1,"column":0},"end":{"line":1,"column":56}},"1":{"start":{"line":2,"column":0},"end":{"line":2,"column":33}},"2":{"start":{"line":3,"column":0},"end":{"line":3,"column":37}},"3":{"start":{"line":4,"column":0},"end":{"line":4,"column":38}},"4":{"start":{"line":5,"column":0},"end":{"line":5,"column":34}},"5":{"start":{"line":6,"column":0},"end":{"line":6,"column":37}},"6":{"start":{"line":7,"column":0},"end":{"line":7,"column":32}},"7":{"start":{"line":8,"column":0},"end":{"line":8,"column":34}}},"fnMap":{},"branchMap":{},"s":{"0":11,"1":11,"2":11,"3":11,"4":11,"5":11,"6":11,"7":11},"f":{},"b":{}}
,"/home/math/Documents/Programação/VScode/driven/t7/modulo5/fase1/calvs-drivent/src/errors/invalid-data-error.ts": {"path":"/home/math/Documents/Programação/VScode/driven/t7/modulo5/fase1/calvs-drivent/src/errors/invalid-data-error.ts","statementMap":{"0":{"start":{"line":4,"column":2},"end":{"line":8,"column":4}},"1":{"start":{"line":3,"column":0},"end":{"line":3,"column":16}}},"fnMap":{"0":{"name":"invalidDataError","decl":{"start":{"line":3,"column":16},"end":{"line":3,"column":32}},"loc":{"start":{"line":3,"column":50},"end":{"line":9,"column":1}}}},"branchMap":{},"s":{"0":17,"1":11},"f":{"0":17},"b":{}}
,"/home/math/Documents/Programação/VScode/driven/t7/modulo5/fase1/calvs-drivent/src/errors/invalid-email-error.ts": {"path":"/home/math/Documents/Programação/VScode/driven/t7/modulo5/fase1/calvs-drivent/src/errors/invalid-email-error.ts","statementMap":{"0":{"start":{"line":4,"column":2},"end":{"line":8,"column":4}},"1":{"start":{"line":3,"column":0},"end":{"line":3,"column":16}}},"fnMap":{"0":{"name":"invalidEmailError","decl":{"start":{"line":3,"column":16},"end":{"line":3,"column":33}},"loc":{"start":{"line":3,"column":47},"end":{"line":9,"column":1}}}},"branchMap":{},"s":{"0":0,"1":11},"f":{"0":0},"b":{}}
,"/home/math/Documents/Programação/VScode/driven/t7/modulo5/fase1/calvs-drivent/src/errors/not-found-error.ts": {"path":"/home/math/Documents/Programação/VScode/driven/t7/modulo5/fase1/calvs-drivent/src/errors/not-found-error.ts","statementMap":{"0":{"start":{"line":4,"column":2},"end":{"line":7,"column":4}},"1":{"start":{"line":3,"column":0},"end":{"line":3,"column":16}}},"fnMap":{"0":{"name":"notFoundError","decl":{"start":{"line":3,"column":16},"end":{"line":3,"column":29}},"loc":{"start":{"line":3,"column":29},"end":{"line":8,"column":1}}}},"branchMap":{},"s":{"0":12,"1":11},"f":{"0":12},"b":{}}
,"/home/math/Documents/Programação/VScode/driven/t7/modulo5/fase1/calvs-drivent/src/errors/request-error.ts": {"path":"/home/math/Documents/Programação/VScode/driven/t7/modulo5/fase1/calvs-drivent/src/errors/request-error.ts","statementMap":{"0":{"start":{"line":4,"column":2},"end":{"line":10,"column":4}},"1":{"start":{"line":3,"column":0},"end":{"line":3,"column":16}}},"fnMap":{"0":{"name":"requestError","decl":{"start":{"line":3,"column":16},"end":{"line":3,"column":28}},"loc":{"start":{"line":3,"column":63},"end":{"line":11,"column":1}}}},"branchMap":{},"s":{"0":1,"1":11},"f":{"0":1},"b":{}}
,"/home/math/Documents/Programação/VScode/driven/t7/modulo5/fase1/calvs-drivent/src/errors/unauthorized-error.ts": {"path":"/home/math/Documents/Programação/VScode/driven/t7/modulo5/fase1/calvs-drivent/src/errors/unauthorized-error.ts","statementMap":{"0":{"start":{"line":4,"column":2},"end":{"line":7,"column":4}},"1":{"start":{"line":3,"column":0},"end":{"line":3,"column":16}}},"fnMap":{"0":{"name":"unauthorizedError","decl":{"start":{"line":3,"column":16},"end":{"line":3,"column":33}},"loc":{"start":{"line":3,"column":33},"end":{"line":8,"column":1}}}},"branchMap":{},"s":{"0":42,"1":11},"f":{"0":42},"b":{}}
,"/home/math/Documents/Programação/VScode/driven/t7/modulo5/fase1/calvs-drivent/src/middlewares/authentication-middleware.ts": {"path":"/home/math/Documents/Programação/VScode/driven/t7/modulo5/fase1/calvs-drivent/src/middlewares/authentication-middleware.ts","statementMap":{"0":{"start":{"line":2,"column":0},"end":{"line":2,"column":37}},"1":{"start":{"line":3,"column":0},"end":{"line":3,"column":36}},"2":{"start":{"line":5,"column":0},"end":{"line":5,"column":45}},"3":{"start":{"line":6,"column":0},"end":{"line":6,"column":34}},"4":{"start":{"line":9,"column":21},"end":{"line":9,"column":48}},"5":{"start":{"line":10,"column":2},"end":{"line":10,"column":60}},"6":{"start":{"line":10,"column":19},"end":{"line":10,"column":60}},"7":{"start":{"line":12,"column":16},"end":{"line":12,"column":40}},"8":{"start":{"line":13,"column":2},"end":{"line":13,"column":55}},"9":{"start":{"line":13,"column":14},"end":{"line":13,"column":55}},"10":{"start":{"line":15,"column":2},"end":{"line":30,"column":null}},"11":{"start":{"line":16,"column":23},"end":{"line":16,"column":78}},"12":{"start":{"line":18,"column":20},"end":{"line":22,"column":6}},"13":{"start":{"line":23,"column":4},"end":{"line":23,"column":59}},"14":{"start":{"line":23,"column":18},"end":{"line":23,"column":59}},"15":{"start":{"line":25,"column":4},"end":{"line":25,"column":24}},"16":{"start":{"line":27,"column":4},"end":{"line":27,"column":18}},"17":{"start":{"line":29,"column":4},"end":{"line":29,"column":45}},"18":{"start":{"line":8,"column":0},"end":{"line":8,"column":7}},"19":{"start":{"line":34,"column":2},"end":{"line":34,"column":64}}},"fnMap":{"0":{"name":"authenticateToken","decl":{"start":{"line":8,"column":22},"end":{"line":8,"column":39}},"loc":{"start":{"line":8,"column":100},"end":{"line":31,"column":1}}},"1":{"name":"generateUnauthorizedResponse","decl":{"start":{"line":33,"column":9},"end":{"line":33,"column":37}},"loc":{"start":{"line":33,"column":51},"end":{"line":35,"column":1}}}},"branchMap":{"0":{"loc":{"start":{"line":10,"column":2},"end":{"line":10,"column":60}},"type":"if","locations":[{"start":{"line":10,"column":2},"end":{"line":10,"column":60}}]},"1":{"loc":{"start":{"line":13,"column":2},"end":{"line":13,"column":55}},"type":"if","locations":[{"start":{"line":13,"column":2},"end":{"line":13,"column":55}}]},"2":{"loc":{"start":{"line":23,"column":4},"end":{"line":23,"column":59}},"type":"if","locations":[{"start":{"line":23,"column":4},"end":{"line":23,"column":59}}]}},"s":{"0":11,"1":11,"2":11,"3":11,"4":87,"5":87,"6":12,"7":75,"8":75,"9":0,"10":75,"11":75,"12":63,"13":63,"14":12,"15":51,"16":51,"17":12,"18":11,"19":36},"f":{"0":87,"1":36},"b":{"0":[12],"1":[0],"2":[12]}}
,"/home/math/Documents/Programação/VScode/driven/t7/modulo5/fase1/calvs-drivent/src/middlewares/error-handling-middleware.ts": {"path":"/home/math/Documents/Programação/VScode/driven/t7/modulo5/fase1/calvs-drivent/src/middlewares/error-handling-middleware.ts","statementMap":{"0":{"start":{"line":3,"column":0},"end":{"line":3,"column":37}},"1":{"start":{"line":6,"column":2},"end":{"line":10,"column":null}},"2":{"start":{"line":7,"column":4},"end":{"line":9,"column":7}},"3":{"start":{"line":12,"column":2},"end":{"line":16,"column":null}},"4":{"start":{"line":13,"column":4},"end":{"line":15,"column":7}},"5":{"start":{"line":18,"column":2},"end":{"line":22,"column":null}},"6":{"start":{"line":19,"column":4},"end":{"line":21,"column":7}},"7":{"start":{"line":24,"column":2},"end":{"line":28,"column":null}},"8":{"start":{"line":25,"column":4},"end":{"line":27,"column":7}},"9":{"start":{"line":30,"column":2},"end":{"line":34,"column":null}},"10":{"start":{"line":31,"column":4},"end":{"line":33,"column":7}},"11":{"start":{"line":37,"column":2},"end":{"line":37,"column":26}},"12":{"start":{"line":38,"column":2},"end":{"line":41,"column":5}},"13":{"start":{"line":5,"column":0},"end":{"line":5,"column":16}}},"fnMap":{"0":{"name":"handleApplicationErrors","decl":{"start":{"line":5,"column":16},"end":{"line":5,"column":39}},"loc":{"start":{"line":5,"column":99},"end":{"line":42,"column":1}}}},"branchMap":{"0":{"loc":{"start":{"line":6,"column":2},"end":{"line":10,"column":null}},"type":"if","locations":[{"start":{"line":6,"column":2},"end":{"line":10,"column":null}}]},"1":{"loc":{"start":{"line":12,"column":2},"end":{"line":16,"column":null}},"type":"if","locations":[{"start":{"line":12,"column":2},"end":{"line":16,"column":null}}]},"2":{"loc":{"start":{"line":12,"column":6},"end":{"line":12,"column":73}},"type":"binary-expr","locations":[{"start":{"line":12,"column":6},"end":{"line":12,"column":34}},{"start":{"line":12,"column":38},"end":{"line":12,"column":73}}]},"3":{"loc":{"start":{"line":18,"column":2},"end":{"line":22,"column":null}},"type":"if","locations":[{"start":{"line":18,"column":2},"end":{"line":22,"column":null}}]},"4":{"loc":{"start":{"line":24,"column":2},"end":{"line":28,"column":null}},"type":"if","locations":[{"start":{"line":24,"column":2},"end":{"line":28,"column":null}}]},"5":{"loc":{"start":{"line":30,"column":2},"end":{"line":34,"column":null}},"type":"if","locations":[{"start":{"line":30,"column":2},"end":{"line":34,"column":null}}]}},"s":{"0":11,"1":0,"2":0,"3":0,"4":0,"5":0,"6":0,"7":0,"8":0,"9":0,"10":0,"11":0,"12":0,"13":11},"f":{"0":0},"b":{"0":[0],"1":[0],"2":[0,0],"3":[0],"4":[0],"5":[0]}}
,"/home/math/Documents/Programação/VScode/driven/t7/modulo5/fase1/calvs-drivent/src/middlewares/index.ts": {"path":"/home/math/Documents/Programação/VScode/driven/t7/modulo5/fase1/calvs-drivent/src/middlewares/index.ts","statementMap":{"0":{"start":{"line":1,"column":0},"end":{"line":1,"column":44}},"1":{"start":{"line":2,"column":0},"end":{"line":2,"column":40}},"2":{"start":{"line":3,"column":0},"end":{"line":3,"column":44}}},"fnMap":{},"branchMap":{},"s":{"0":11,"1":11,"2":11},"f":{},"b":{}}
,"/home/math/Documents/Programação/VScode/driven/t7/modulo5/fase1/calvs-drivent/src/middlewares/validation-middleware.ts": {"path":"/home/math/Documents/Programação/VScode/driven/t7/modulo5/fase1/calvs-drivent/src/middlewares/validation-middleware.ts","statementMap":{"0":{"start":{"line":1,"column":0},"end":{"line":1,"column":44}},"1":{"start":{"line":3,"column":0},"end":{"line":3,"column":37}},"2":{"start":{"line":7,"column":2},"end":{"line":7,"column":34}},"3":{"start":{"line":6,"column":0},"end":{"line":6,"column":16}},"4":{"start":{"line":11,"column":2},"end":{"line":11,"column":36}},"5":{"start":{"line":10,"column":0},"end":{"line":10,"column":16}},"6":{"start":{"line":15,"column":2},"end":{"line":25,"column":4}},"7":{"start":{"line":16,"column":22},"end":{"line":18,"column":6}},"8":{"start":{"line":20,"column":4},"end":{"line":24,"column":null}},"9":{"start":{"line":21,"column":6},"end":{"line":21,"column":13}},"10":{"start":{"line":23,"column":6},"end":{"line":23,"column":101}},"11":{"start":{"line":23,"column":88},"end":{"line":23,"column":97}}},"fnMap":{"0":{"name":"validateBody","decl":{"start":{"line":6,"column":16},"end":{"line":6,"column":28}},"loc":{"start":{"line":6,"column":55},"end":{"line":8,"column":1}}},"1":{"name":"validateParams","decl":{"start":{"line":10,"column":16},"end":{"line":10,"column":30}},"loc":{"start":{"line":10,"column":57},"end":{"line":12,"column":1}}},"2":{"name":"validate","decl":{"start":{"line":14,"column":9},"end":{"line":14,"column":17}},"loc":{"start":{"line":14,"column":63},"end":{"line":26,"column":1}}},"3":{"name":"(anonymous_4)","decl":{"start":{"line":15,"column":9},"end":{"line":15,"column":10}},"loc":{"start":{"line":15,"column":61},"end":{"line":25,"column":3}}},"4":{"name":"(anonymous_5)","decl":{"start":{"line":23,"column":81},"end":{"line":23,"column":82}},"loc":{"start":{"line":23,"column":88},"end":{"line":23,"column":97}}}},"branchMap":{"0":{"loc":{"start":{"line":20,"column":4},"end":{"line":24,"column":null}},"type":"if","locations":[{"start":{"line":20,"column":4},"end":{"line":24,"column":null}},{"start":{"line":22,"column":11},"end":{"line":24,"column":null}}]}},"s":{"0":11,"1":11,"2":55,"3":11,"4":0,"5":11,"6":55,"7":31,"8":31,"9":21,"10":10,"11":26},"f":{"0":55,"1":0,"2":55,"3":31,"4":26},"b":{"0":[21,10]}}
,"/home/math/Documents/Programação/VScode/driven/t7/modulo5/fase1/calvs-drivent/src/repositories/address-repository/index.ts": {"path":"/home/math/Documents/Programação/VScode/driven/t7/modulo5/fase1/calvs-drivent/src/repositories/address-repository/index.ts","statementMap":{"0":{"start":{"line":1,"column":0},"end":{"line":1,"column":34}},"1":{"start":{"line":5,"column":2},"end":{"line":14,"column":5}},"2":{"start":{"line":20,"column":26},"end":{"line":22,"column":2}},"3":{"start":{"line":24,"column":0},"end":{"line":24,"column":33}}},"fnMap":{"0":{"name":"upsert","decl":{"start":{"line":4,"column":15},"end":{"line":4,"column":21}},"loc":{"start":{"line":4,"column":116},"end":{"line":15,"column":1}}}},"branchMap":{},"s":{"0":11,"1":2,"2":11,"3":11},"f":{"0":2},"b":{}}
,"/home/math/Documents/Programação/VScode/driven/t7/modulo5/fase1/calvs-drivent/src/repositories/booking-repository/index.ts": {"path":"/home/math/Documents/Programação/VScode/driven/t7/modulo5/fase1/calvs-drivent/src/repositories/booking-repository/index.ts","statementMap":{"0":{"start":{"line":1,"column":0},"end":{"line":1,"column":34}},"1":{"start":{"line":4,"column":2},"end":{"line":11,"column":5}},"2":{"start":{"line":15,"column":2},"end":{"line":26,"column":5}},"3":{"start":{"line":29,"column":26},"end":{"line":32,"column":2}},"4":{"start":{"line":33,"column":0},"end":{"line":33,"column":33}}},"fnMap":{"0":{"name":"findBookingByUserId","decl":{"start":{"line":3,"column":15},"end":{"line":3,"column":34}},"loc":{"start":{"line":3,"column":49},"end":{"line":12,"column":1}}},"1":{"name":"upsertBooking","decl":{"start":{"line":14,"column":15},"end":{"line":14,"column":28}},"loc":{"start":{"line":14,"column":79},"end":{"line":27,"column":1}}}},"branchMap":{"0":{"loc":{"start":{"line":24,"column":10},"end":{"line":24,"column":24}},"type":"binary-expr","locations":[{"start":{"line":24,"column":10},"end":{"line":24,"column":19}},{"start":{"line":24,"column":23},"end":{"line":24,"column":24}}]}},"s":{"0":11,"1":3,"2":2,"3":11,"4":11},"f":{"0":3,"1":2},"b":{"0":[2,1]}}
,"/home/math/Documents/Programação/VScode/driven/t7/modulo5/fase1/calvs-drivent/src/repositories/enrollment-repository/index.ts": {"path":"/home/math/Documents/Programação/VScode/driven/t7/modulo5/fase1/calvs-drivent/src/repositories/enrollment-repository/index.ts","statementMap":{"0":{"start":{"line":1,"column":0},"end":{"line":1,"column":34}},"1":{"start":{"line":5,"column":2},"end":{"line":10,"column":5}},"2":{"start":{"line":18,"column":2},"end":{"line":24,"column":5}},"3":{"start":{"line":30,"column":29},"end":{"line":33,"column":2}},"4":{"start":{"line":35,"column":0},"end":{"line":35,"column":36}}},"fnMap":{"0":{"name":"findWithAddressByUserId","decl":{"start":{"line":4,"column":15},"end":{"line":4,"column":38}},"loc":{"start":{"line":4,"column":53},"end":{"line":11,"column":1}}},"1":{"name":"upsert","decl":{"start":{"line":13,"column":15},"end":{"line":13,"column":21}},"loc":{"start":{"line":16,"column":43},"end":{"line":25,"column":1}}}},"branchMap":{},"s":{"0":11,"1":8,"2":2,"3":11,"4":11},"f":{"0":8,"1":2},"b":{}}
,"/home/math/Documents/Programação/VScode/driven/t7/modulo5/fase1/calvs-drivent/src/repositories/event-repository/index.ts": {"path":"/home/math/Documents/Programação/VScode/driven/t7/modulo5/fase1/calvs-drivent/src/repositories/event-repository/index.ts","statementMap":{"0":{"start":{"line":1,"column":0},"end":{"line":1,"column":34}},"1":{"start":{"line":4,"column":2},"end":{"line":4,"column":34}},"2":{"start":{"line":7,"column":24},"end":{"line":9,"column":2}},"3":{"start":{"line":11,"column":0},"end":{"line":11,"column":31}}},"fnMap":{"0":{"name":"findFirst","decl":{"start":{"line":3,"column":15},"end":{"line":3,"column":24}},"loc":{"start":{"line":3,"column":24},"end":{"line":5,"column":1}}}},"branchMap":{},"s":{"0":11,"1":11,"2":11,"3":11},"f":{"0":11},"b":{}}
,"/home/math/Documents/Programação/VScode/driven/t7/modulo5/fase1/calvs-drivent/src/repositories/hotels-repository/index.ts": {"path":"/home/math/Documents/Programação/VScode/driven/t7/modulo5/fase1/calvs-drivent/src/repositories/hotels-repository/index.ts","statementMap":{"0":{"start":{"line":1,"column":0},"end":{"line":1,"column":34}},"1":{"start":{"line":5,"column":2},"end":{"line":5,"column":33}},"2":{"start":{"line":9,"column":2},"end":{"line":25,"column":5}},"3":{"start":{"line":29,"column":2},"end":{"line":36,"column":5}},"4":{"start":{"line":39,"column":25},"end":{"line":43,"column":2}},"5":{"start":{"line":45,"column":0},"end":{"line":45,"column":32}}},"fnMap":{"0":{"name":"findHotels","decl":{"start":{"line":4,"column":15},"end":{"line":4,"column":25}},"loc":{"start":{"line":4,"column":25},"end":{"line":6,"column":1}}},"1":{"name":"findRoomWithHotelByHotelId","decl":{"start":{"line":8,"column":15},"end":{"line":8,"column":41}},"loc":{"start":{"line":8,"column":57},"end":{"line":26,"column":1}}},"2":{"name":"findRoomById","decl":{"start":{"line":28,"column":15},"end":{"line":28,"column":27}},"loc":{"start":{"line":28,"column":38},"end":{"line":37,"column":1}}}},"branchMap":{},"s":{"0":11,"1":1,"2":2,"3":6,"4":11,"5":11},"f":{"0":1,"1":2,"2":6},"b":{}}
,"/home/math/Documents/Programação/VScode/driven/t7/modulo5/fase1/calvs-drivent/src/repositories/payments-repository/index.ts": {"path":"/home/math/Documents/Programação/VScode/driven/t7/modulo5/fase1/calvs-drivent/src/repositories/payments-repository/index.ts","statementMap":{"0":{"start":{"line":1,"column":0},"end":{"line":1,"column":34}},"1":{"start":{"line":5,"column":2},"end":{"line":13,"column":5}},"2":{"start":{"line":17,"column":2},"end":{"line":32,"column":5}},"3":{"start":{"line":36,"column":2},"end":{"line":43,"column":5}},"4":{"start":{"line":48,"column":27},"end":{"line":52,"column":2}},"5":{"start":{"line":54,"column":0},"end":{"line":54,"column":34}}},"fnMap":{"0":{"name":"findTicketWithPaymentByTicketId","decl":{"start":{"line":4,"column":15},"end":{"line":4,"column":46}},"loc":{"start":{"line":4,"column":63},"end":{"line":14,"column":1}}},"1":{"name":"findPaymentWithTicketTypeByUserId","decl":{"start":{"line":16,"column":15},"end":{"line":16,"column":48}},"loc":{"start":{"line":16,"column":63},"end":{"line":33,"column":1}}},"2":{"name":"createPayment","decl":{"start":{"line":35,"column":15},"end":{"line":35,"column":28}},"loc":{"start":{"line":35,"column":45},"end":{"line":44,"column":1}}}},"branchMap":{},"s":{"0":11,"1":3,"2":7,"3":3,"4":11,"5":11},"f":{"0":3,"1":7,"2":3},"b":{}}
,"/home/math/Documents/Programação/VScode/driven/t7/modulo5/fase1/calvs-drivent/src/repositories/session-repository/index.ts": {"path":"/home/math/Documents/Programação/VScode/driven/t7/modulo5/fase1/calvs-drivent/src/repositories/session-repository/index.ts","statementMap":{"0":{"start":{"line":1,"column":0},"end":{"line":1,"column":34}},"1":{"start":{"line":5,"column":2},"end":{"line":7,"column":5}},"2":{"start":{"line":10,"column":26},"end":{"line":12,"column":2}},"3":{"start":{"line":14,"column":0},"end":{"line":14,"column":33}}},"fnMap":{"0":{"name":"create","decl":{"start":{"line":4,"column":15},"end":{"line":4,"column":21}},"loc":{"start":{"line":4,"column":62},"end":{"line":8,"column":1}}}},"branchMap":{},"s":{"0":11,"1":5,"2":11,"3":11},"f":{"0":5},"b":{}}
,"/home/math/Documents/Programação/VScode/driven/t7/modulo5/fase1/calvs-drivent/src/repositories/tickets-repository/index.ts": {"path":"/home/math/Documents/Programação/VScode/driven/t7/modulo5/fase1/calvs-drivent/src/repositories/tickets-repository/index.ts","statementMap":{"0":{"start":{"line":1,"column":0},"end":{"line":1,"column":34}},"1":{"start":{"line":2,"column":0},"end":{"line":2,"column":46}},"2":{"start":{"line":5,"column":2},"end":{"line":5,"column":44}},"3":{"start":{"line":9,"column":2},"end":{"line":18,"column":5}},"4":{"start":{"line":22,"column":2},"end":{"line":30,"column":5}},"5":{"start":{"line":34,"column":2},"end":{"line":49,"column":5}},"6":{"start":{"line":53,"column":2},"end":{"line":62,"column":5}},"7":{"start":{"line":71,"column":26},"end":{"line":77,"column":2}},"8":{"start":{"line":79,"column":0},"end":{"line":79,"column":33}}},"fnMap":{"0":{"name":"findManyTypes","decl":{"start":{"line":4,"column":15},"end":{"line":4,"column":28}},"loc":{"start":{"line":4,"column":28},"end":{"line":6,"column":1}}},"1":{"name":"findTicketByEnrollmentId","decl":{"start":{"line":8,"column":15},"end":{"line":8,"column":39}},"loc":{"start":{"line":8,"column":60},"end":{"line":19,"column":1}}},"2":{"name":"findTicketWithTypeAndEnrollmentById","decl":{"start":{"line":21,"column":15},"end":{"line":21,"column":50}},"loc":{"start":{"line":21,"column":67},"end":{"line":31,"column":1}}},"3":{"name":"upsertTickets","decl":{"start":{"line":33,"column":15},"end":{"line":33,"column":28}},"loc":{"start":{"line":33,"column":47},"end":{"line":50,"column":1}}},"4":{"name":"findTicketByUserId","decl":{"start":{"line":52,"column":15},"end":{"line":52,"column":33}},"loc":{"start":{"line":52,"column":48},"end":{"line":63,"column":1}}}},"branchMap":{"0":{"loc":{"start":{"line":36,"column":10},"end":{"line":36,"column":27}},"type":"binary-expr","locations":[{"start":{"line":36,"column":10},"end":{"line":36,"column":22}},{"start":{"line":36,"column":26},"end":{"line":36,"column":27}}]},"1":{"loc":{"start":{"line":43,"column":20},"end":{"line":43,"column":41}},"type":"binary-expr","locations":[{"start":{"line":43,"column":20},"end":{"line":43,"column":36}},{"start":{"line":43,"column":40},"end":{"line":43,"column":41}}]},"2":{"loc":{"start":{"line":44,"column":20},"end":{"line":44,"column":41}},"type":"binary-expr","locations":[{"start":{"line":44,"column":20},"end":{"line":44,"column":36}},{"start":{"line":44,"column":40},"end":{"line":44,"column":41}}]}},"s":{"0":11,"1":11,"2":2,"3":2,"4":5,"5":5,"6":13,"7":11,"8":11},"f":{"0":2,"1":2,"2":5,"3":5,"4":13},"b":{"0":[5,2],"1":[5,3],"2":[5,3]}}
,"/home/math/Documents/Programação/VScode/driven/t7/modulo5/fase1/calvs-drivent/src/repositories/user-repository/index.ts": {"path":"/home/math/Documents/Programação/VScode/driven/t7/modulo5/fase1/calvs-drivent/src/repositories/user-repository/index.ts","statementMap":{"0":{"start":{"line":1,"column":0},"end":{"line":1,"column":34}},"1":{"start":{"line":5,"column":44},"end":{"line":9,"column":4}},"2":{"start":{"line":11,"column":2},"end":{"line":13,"column":null}},"3":{"start":{"line":12,"column":4},"end":{"line":12,"column":27}},"4":{"start":{"line":15,"column":2},"end":{"line":15,"column":40}},"5":{"start":{"line":19,"column":2},"end":{"line":21,"column":5}},"6":{"start":{"line":24,"column":23},"end":{"line":27,"column":2}},"7":{"start":{"line":29,"column":0},"end":{"line":29,"column":30}}},"fnMap":{"0":{"name":"findByEmail","decl":{"start":{"line":4,"column":15},"end":{"line":4,"column":26}},"loc":{"start":{"line":4,"column":68},"end":{"line":16,"column":1}}},"1":{"name":"create","decl":{"start":{"line":18,"column":15},"end":{"line":18,"column":21}},"loc":{"start":{"line":18,"column":59},"end":{"line":22,"column":1}}}},"branchMap":{"0":{"loc":{"start":{"line":11,"column":2},"end":{"line":13,"column":null}},"type":"if","locations":[{"start":{"line":11,"column":2},"end":{"line":13,"column":null}}]}},"s":{"0":11,"1":16,"2":16,"3":9,"4":16,"5":5,"6":11,"7":11},"f":{"0":16,"1":5},"b":{"0":[9]}}
,"/home/math/Documents/Programação/VScode/driven/t7/modulo5/fase1/calvs-drivent/src/routers/authentication-router.ts": {"path":"/home/math/Documents/Programação/VScode/driven/t7/modulo5/fase1/calvs-drivent/src/routers/authentication-router.ts","statementMap":{"0":{"start":{"line":1,"column":0},"end":{"line":1,"column":43}},"1":{"start":{"line":2,"column":0},"end":{"line":2,"column":45}},"2":{"start":{"line":3,"column":0},"end":{"line":3,"column":41}},"3":{"start":{"line":4,"column":0},"end":{"line":4,"column":33}},"4":{"start":{"line":6,"column":29},"end":{"line":6,"column":37}},"5":{"start":{"line":10,"column":9},"end":{"line":10,"column":29}},"6":{"start":{"line":8,"column":0},"end":{"line":8,"column":78}}},"fnMap":{},"branchMap":{},"s":{"0":11,"1":11,"2":11,"3":11,"4":11,"5":11,"6":11},"f":{},"b":{}}
,"/home/math/Documents/Programação/VScode/driven/t7/modulo5/fase1/calvs-drivent/src/routers/booking-router.ts": {"path":"/home/math/Documents/Programação/VScode/driven/t7/modulo5/fase1/calvs-drivent/src/routers/booking-router.ts","statementMap":{"0":{"start":{"line":1,"column":0},"end":{"line":1,"column":33}},"1":{"start":{"line":2,"column":0},"end":{"line":2,"column":50}},"2":{"start":{"line":3,"column":0},"end":{"line":3,"column":68}},"3":{"start":{"line":5,"column":22},"end":{"line":5,"column":30}},"4":{"start":{"line":13,"column":9},"end":{"line":13,"column":22}},"5":{"start":{"line":7,"column":0},"end":{"line":11,"column":34}}},"fnMap":{},"branchMap":{},"s":{"0":11,"1":11,"2":11,"3":11,"4":11,"5":11},"f":{},"b":{}}
,"/home/math/Documents/Programação/VScode/driven/t7/modulo5/fase1/calvs-drivent/src/routers/enrollments-router.ts": {"path":"/home/math/Documents/Programação/VScode/driven/t7/modulo5/fase1/calvs-drivent/src/routers/enrollments-router.ts","statementMap":{"0":{"start":{"line":1,"column":0},"end":{"line":1,"column":33}},"1":{"start":{"line":2,"column":0},"end":{"line":2,"column":64}},"2":{"start":{"line":3,"column":0},"end":{"line":3,"column":101}},"3":{"start":{"line":4,"column":0},"end":{"line":4,"column":51}},"4":{"start":{"line":6,"column":26},"end":{"line":6,"column":34}},"5":{"start":{"line":14,"column":9},"end":{"line":14,"column":26}},"6":{"start":{"line":8,"column":0},"end":{"line":12,"column":81}}},"fnMap":{},"branchMap":{},"s":{"0":11,"1":11,"2":11,"3":11,"4":11,"5":11,"6":11},"f":{},"b":{}}
,"/home/math/Documents/Programação/VScode/driven/t7/modulo5/fase1/calvs-drivent/src/routers/events-router.ts": {"path":"/home/math/Documents/Programação/VScode/driven/t7/modulo5/fase1/calvs-drivent/src/routers/events-router.ts","statementMap":{"0":{"start":{"line":1,"column":0},"end":{"line":1,"column":33}},"1":{"start":{"line":2,"column":0},"end":{"line":2,"column":48}},"2":{"start":{"line":4,"column":21},"end":{"line":4,"column":29}},"3":{"start":{"line":8,"column":9},"end":{"line":8,"column":21}},"4":{"start":{"line":6,"column":0},"end":{"line":6,"column":39}}},"fnMap":{},"branchMap":{},"s":{"0":11,"1":11,"2":11,"3":11,"4":11},"f":{},"b":{}}
,"/home/math/Documents/Programação/VScode/driven/t7/modulo5/fase1/calvs-drivent/src/routers/hotels-router.ts": {"path":"/home/math/Documents/Programação/VScode/driven/t7/modulo5/fase1/calvs-drivent/src/routers/hotels-router.ts","statementMap":{"0":{"start":{"line":1,"column":0},"end":{"line":1,"column":33}},"1":{"start":{"line":2,"column":0},"end":{"line":2,"column":50}},"2":{"start":{"line":3,"column":0},"end":{"line":3,"column":61}},"3":{"start":{"line":5,"column":20},"end":{"line":5,"column":28}},"4":{"start":{"line":11,"column":9},"end":{"line":11,"column":20}},"5":{"start":{"line":7,"column":0},"end":{"line":7,"column":41}},"6":{"start":{"line":8,"column":0},"end":{"line":8,"column":32}},"7":{"start":{"line":9,"column":0},"end":{"line":9,"column":48}}},"fnMap":{},"branchMap":{},"s":{"0":11,"1":11,"2":11,"3":11,"4":11,"5":11,"6":11,"7":11},"f":{},"b":{}}
,"/home/math/Documents/Programação/VScode/driven/t7/modulo5/fase1/calvs-drivent/src/routers/index.ts": {"path":"/home/math/Documents/Programação/VScode/driven/t7/modulo5/fase1/calvs-drivent/src/routers/index.ts","statementMap":{"0":{"start":{"line":1,"column":0},"end":{"line":1,"column":31}},"1":{"start":{"line":2,"column":0},"end":{"line":2,"column":40}},"2":{"start":{"line":3,"column":0},"end":{"line":3,"column":32}},"3":{"start":{"line":4,"column":0},"end":{"line":4,"column":37}},"4":{"start":{"line":5,"column":0},"end":{"line":5,"column":33}},"5":{"start":{"line":6,"column":0},"end":{"line":6,"column":34}},"6":{"start":{"line":7,"column":0},"end":{"line":7,"column":32}},"7":{"start":{"line":8,"column":0},"end":{"line":8,"column":33}}},"fnMap":{},"branchMap":{},"s":{"0":11,"1":11,"2":11,"3":11,"4":11,"5":11,"6":11,"7":11},"f":{},"b":{}}
,"/home/math/Documents/Programação/VScode/driven/t7/modulo5/fase1/calvs-drivent/src/routers/payments-router.ts": {"path":"/home/math/Documents/Programação/VScode/driven/t7/modulo5/fase1/calvs-drivent/src/routers/payments-router.ts","statementMap":{"0":{"start":{"line":1,"column":0},"end":{"line":1,"column":33}},"1":{"start":{"line":2,"column":0},"end":{"line":2,"column":64}},"2":{"start":{"line":3,"column":0},"end":{"line":3,"column":47}},"3":{"start":{"line":4,"column":0},"end":{"line":4,"column":56}},"4":{"start":{"line":6,"column":23},"end":{"line":6,"column":31}},"5":{"start":{"line":12,"column":9},"end":{"line":12,"column":23}},"6":{"start":{"line":8,"column":0},"end":{"line":11,"column":67}}},"fnMap":{},"branchMap":{},"s":{"0":11,"1":11,"2":11,"3":11,"4":11,"5":11,"6":11},"f":{},"b":{}}
,"/home/math/Documents/Programação/VScode/driven/t7/modulo5/fase1/calvs-drivent/src/routers/tickets-router.ts": {"path":"/home/math/Documents/Programação/VScode/driven/t7/modulo5/fase1/calvs-drivent/src/routers/tickets-router.ts","statementMap":{"0":{"start":{"line":1,"column":0},"end":{"line":1,"column":33}},"1":{"start":{"line":2,"column":0},"end":{"line":2,"column":64}},"2":{"start":{"line":3,"column":0},"end":{"line":3,"column":78}},"3":{"start":{"line":4,"column":0},"end":{"line":4,"column":45}},"4":{"start":{"line":6,"column":21},"end":{"line":6,"column":29}},"5":{"start":{"line":14,"column":9},"end":{"line":14,"column":21}},"6":{"start":{"line":8,"column":0},"end":{"line":12,"column":57}}},"fnMap":{},"branchMap":{},"s":{"0":11,"1":11,"2":11,"3":11,"4":11,"5":11,"6":11},"f":{},"b":{}}
,"/home/math/Documents/Programação/VScode/driven/t7/modulo5/fase1/calvs-drivent/src/routers/users-router.ts": {"path":"/home/math/Documents/Programação/VScode/driven/t7/modulo5/fase1/calvs-drivent/src/routers/users-router.ts","statementMap":{"0":{"start":{"line":1,"column":0},"end":{"line":1,"column":33}},"1":{"start":{"line":3,"column":0},"end":{"line":3,"column":45}},"2":{"start":{"line":4,"column":0},"end":{"line":4,"column":45}},"3":{"start":{"line":5,"column":0},"end":{"line":5,"column":42}},"4":{"start":{"line":7,"column":20},"end":{"line":7,"column":28}},"5":{"start":{"line":11,"column":9},"end":{"line":11,"column":20}},"6":{"start":{"line":9,"column":0},"end":{"line":9,"column":65}}},"fnMap":{},"branchMap":{},"s":{"0":11,"1":11,"2":11,"3":11,"4":11,"5":11,"6":11},"f":{},"b":{}}
,"/home/math/Documents/Programação/VScode/driven/t7/modulo5/fase1/calvs-drivent/src/schemas/authentication-schemas.ts": {"path":"/home/math/Documents/Programação/VScode/driven/t7/modulo5/fase1/calvs-drivent/src/schemas/authentication-schemas.ts","statementMap":{"0":{"start":{"line":2,"column":0},"end":{"line":2,"column":22}},"1":{"start":{"line":4,"column":13},"end":{"line":7,"column":3}}},"fnMap":{},"branchMap":{},"s":{"0":14,"1":14},"f":{},"b":{}}
,"/home/math/Documents/Programação/VScode/driven/t7/modulo5/fase1/calvs-drivent/src/schemas/enrollments-schemas.ts": {"path":"/home/math/Documents/Programação/VScode/driven/t7/modulo5/fase1/calvs-drivent/src/schemas/enrollments-schemas.ts","statementMap":{"0":{"start":{"line":2,"column":0},"end":{"line":2,"column":105}},"1":{"start":{"line":3,"column":0},"end":{"line":3,"column":22}},"2":{"start":{"line":5,"column":28},"end":{"line":5,"column":87}},"3":{"start":{"line":7,"column":28},"end":{"line":7,"column":86}},"4":{"start":{"line":9,"column":36},"end":{"line":9,"column":108}},"5":{"start":{"line":11,"column":13},"end":{"line":28,"column":3}},"6":{"start":{"line":23,"column":39},"end":{"line":23,"column":45}},"7":{"start":{"line":31,"column":2},"end":{"line":31,"column":27}},"8":{"start":{"line":31,"column":14},"end":{"line":31,"column":27}},"9":{"start":{"line":33,"column":2},"end":{"line":35,"column":null}},"10":{"start":{"line":34,"column":4},"end":{"line":34,"column":40}},"11":{"start":{"line":37,"column":2},"end":{"line":37,"column":15}},"12":{"start":{"line":41,"column":2},"end":{"line":41,"column":27}},"13":{"start":{"line":41,"column":14},"end":{"line":41,"column":27}},"14":{"start":{"line":43,"column":2},"end":{"line":45,"column":null}},"15":{"start":{"line":44,"column":4},"end":{"line":44,"column":40}},"16":{"start":{"line":47,"column":2},"end":{"line":47,"column":15}},"17":{"start":{"line":51,"column":2},"end":{"line":51,"column":27}},"18":{"start":{"line":51,"column":14},"end":{"line":51,"column":27}},"19":{"start":{"line":53,"column":2},"end":{"line":55,"column":null}},"20":{"start":{"line":54,"column":4},"end":{"line":54,"column":40}},"21":{"start":{"line":57,"column":2},"end":{"line":57,"column":15}}},"fnMap":{"0":{"name":"(anonymous_1)","decl":{"start":{"line":23,"column":32},"end":{"line":23,"column":33}},"loc":{"start":{"line":23,"column":39},"end":{"line":23,"column":45}}},"1":{"name":"joiCpfValidation","decl":{"start":{"line":30,"column":9},"end":{"line":30,"column":25}},"loc":{"start":{"line":30,"column":75},"end":{"line":38,"column":1}}},"2":{"name":"JoiCepValidation","decl":{"start":{"line":40,"column":9},"end":{"line":40,"column":25}},"loc":{"start":{"line":40,"column":75},"end":{"line":48,"column":1}}},"3":{"name":"joiMobilePhoneValidation","decl":{"start":{"line":50,"column":9},"end":{"line":50,"column":33}},"loc":{"start":{"line":50,"column":83},"end":{"line":58,"column":1}}}},"branchMap":{"0":{"loc":{"start":{"line":31,"column":2},"end":{"line":31,"column":27}},"type":"if","locations":[{"start":{"line":31,"column":2},"end":{"line":31,"column":27}}]},"1":{"loc":{"start":{"line":33,"column":2},"end":{"line":35,"column":null}},"type":"if","locations":[{"start":{"line":33,"column":2},"end":{"line":35,"column":null}}]},"2":{"loc":{"start":{"line":41,"column":2},"end":{"line":41,"column":27}},"type":"if","locations":[{"start":{"line":41,"column":2},"end":{"line":41,"column":27}}]},"3":{"loc":{"start":{"line":43,"column":2},"end":{"line":45,"column":null}},"type":"if","locations":[{"start":{"line":43,"column":2},"end":{"line":45,"column":null}}]},"4":{"loc":{"start":{"line":51,"column":2},"end":{"line":51,"column":27}},"type":"if","locations":[{"start":{"line":51,"column":2},"end":{"line":51,"column":27}}]},"5":{"loc":{"start":{"line":53,"column":2},"end":{"line":55,"column":null}},"type":"if","locations":[{"start":{"line":53,"column":2},"end":{"line":55,"column":null}}]}},"s":{"0":14,"1":14,"2":14,"3":14,"4":14,"5":14,"6":378,"7":29,"8":0,"9":29,"10":1,"11":28,"12":19,"13":0,"14":19,"15":1,"16":18,"17":23,"18":0,"19":23,"20":0,"21":23},"f":{"0":378,"1":29,"2":19,"3":23},"b":{"0":[0],"1":[1],"2":[0],"3":[1],"4":[0],"5":[0]}}
,"/home/math/Documents/Programação/VScode/driven/t7/modulo5/fase1/calvs-drivent/src/schemas/index.ts": {"path":"/home/math/Documents/Programação/VScode/driven/t7/modulo5/fase1/calvs-drivent/src/schemas/index.ts","statementMap":{"0":{"start":{"line":1,"column":0},"end":{"line":1,"column":32}},"1":{"start":{"line":2,"column":0},"end":{"line":2,"column":41}},"2":{"start":{"line":3,"column":0},"end":{"line":3,"column":38}},"3":{"start":{"line":4,"column":0},"end":{"line":4,"column":34}},"4":{"start":{"line":5,"column":0},"end":{"line":5,"column":35}}},"fnMap":{},"branchMap":{},"s":{"0":14,"1":14,"2":14,"3":14,"4":14},"f":{},"b":{}}
,"/home/math/Documents/Programação/VScode/driven/t7/modulo5/fase1/calvs-drivent/src/schemas/payments-schemas.ts": {"path":"/home/math/Documents/Programação/VScode/driven/t7/modulo5/fase1/calvs-drivent/src/schemas/payments-schemas.ts","statementMap":{"0":{"start":{"line":1,"column":0},"end":{"line":1,"column":22}},"1":{"start":{"line":3,"column":13},"end":{"line":12,"column":3}}},"fnMap":{},"branchMap":{},"s":{"0":14,"1":14},"f":{},"b":{}}
,"/home/math/Documents/Programação/VScode/driven/t7/modulo5/fase1/calvs-drivent/src/schemas/tickets.schemas.ts": {"path":"/home/math/Documents/Programação/VScode/driven/t7/modulo5/fase1/calvs-drivent/src/schemas/tickets.schemas.ts","statementMap":{"0":{"start":{"line":1,"column":0},"end":{"line":1,"column":22}},"1":{"start":{"line":3,"column":13},"end":{"line":5,"column":3}}},"fnMap":{},"branchMap":{},"s":{"0":14,"1":14},"f":{},"b":{}}
,"/home/math/Documents/Programação/VScode/driven/t7/modulo5/fase1/calvs-drivent/src/schemas/users-schemas.ts": {"path":"/home/math/Documents/Programação/VScode/driven/t7/modulo5/fase1/calvs-drivent/src/schemas/users-schemas.ts","statementMap":{"0":{"start":{"line":2,"column":0},"end":{"line":2,"column":22}},"1":{"start":{"line":4,"column":13},"end":{"line":7,"column":3}}},"fnMap":{},"branchMap":{},"s":{"0":14,"1":14},"f":{},"b":{}}
,"/home/math/Documents/Programação/VScode/driven/t7/modulo5/fase1/calvs-drivent/src/services/index.ts": {"path":"/home/math/Documents/Programação/VScode/driven/t7/modulo5/fase1/calvs-drivent/src/services/index.ts","statementMap":{"0":{"start":{"line":1,"column":0},"end":{"line":1,"column":32}},"1":{"start":{"line":2,"column":0},"end":{"line":2,"column":41}},"2":{"start":{"line":3,"column":0},"end":{"line":3,"column":33}},"3":{"start":{"line":4,"column":0},"end":{"line":4,"column":38}},"4":{"start":{"line":5,"column":0},"end":{"line":5,"column":34}},"5":{"start":{"line":6,"column":0},"end":{"line":6,"column":35}},"6":{"start":{"line":7,"column":0},"end":{"line":7,"column":40}}},"fnMap":{},"branchMap":{},"s":{"0":0,"1":0,"2":0,"3":0,"4":0,"5":0,"6":0},"f":{},"b":{}}
,"/home/math/Documents/Programação/VScode/driven/t7/modulo5/fase1/calvs-drivent/src/services/authentication-service/errors.ts": {"path":"/home/math/Documents/Programação/VScode/driven/t7/modulo5/fase1/calvs-drivent/src/services/authentication-service/errors.ts","statementMap":{"0":{"start":{"line":4,"column":2},"end":{"line":7,"column":4}},"1":{"start":{"line":3,"column":0},"end":{"line":3,"column":16}}},"fnMap":{"0":{"name":"invalidCredentialsError","decl":{"start":{"line":3,"column":16},"end":{"line":3,"column":39}},"loc":{"start":{"line":3,"column":39},"end":{"line":8,"column":1}}}},"branchMap":{},"s":{"0":6,"1":11},"f":{"0":6},"b":{}}
,"/home/math/Documents/Programação/VScode/driven/t7/modulo5/fase1/calvs-drivent/src/services/authentication-service/index.ts": {"path":"/home/math/Documents/Programação/VScode/driven/t7/modulo5/fase1/calvs-drivent/src/services/authentication-service/index.ts","statementMap":{"0":{"start":{"line":1,"column":0},"end":{"line":1,"column":66}},"1":{"start":{"line":2,"column":0},"end":{"line":2,"column":60}},"2":{"start":{"line":3,"column":0},"end":{"line":3,"column":47}},"3":{"start":{"line":5,"column":0},"end":{"line":5,"column":28}},"4":{"start":{"line":6,"column":0},"end":{"line":6,"column":31}},"5":{"start":{"line":7,"column":0},"end":{"line":7,"column":51}},"6":{"start":{"line":10,"column":30},"end":{"line":10,"column":36}},"7":{"start":{"line":12,"column":15},"end":{"line":12,"column":41}},"8":{"start":{"line":14,"column":2},"end":{"line":14,"column":56}},"9":{"start":{"line":16,"column":16},"end":{"line":16,"column":44}},"10":{"start":{"line":18,"column":2},"end":{"line":21,"column":4}},"11":{"start":{"line":25,"column":15},"end":{"line":25,"column":97}},"12":{"start":{"line":26,"column":2},"end":{"line":26,"column":45}},"13":{"start":{"line":26,"column":13},"end":{"line":26,"column":45}},"14":{"start":{"line":28,"column":2},"end":{"line":28,"column":14}},"15":{"start":{"line":32,"column":16},"end":{"line":32,"column":60}},"16":{"start":{"line":33,"column":2},"end":{"line":36,"column":5}},"17":{"start":{"line":38,"column":2},"end":{"line":38,"column":15}},"18":{"start":{"line":42,"column":26},"end":{"line":42,"column":70}},"19":{"start":{"line":43,"column":2},"end":{"line":43,"column":56}},"20":{"start":{"line":43,"column":24},"end":{"line":43,"column":56}},"21":{"start":{"line":55,"column":30},"end":{"line":57,"column":2}},"22":{"start":{"line":59,"column":0},"end":{"line":59,"column":37}},"23":{"start":{"line":60,"column":0},"end":{"line":60,"column":25}}},"fnMap":{"0":{"name":"signIn","decl":{"start":{"line":9,"column":15},"end":{"line":9,"column":21}},"loc":{"start":{"line":9,"column":42},"end":{"line":22,"column":1}}},"1":{"name":"getUserOrFail","decl":{"start":{"line":24,"column":15},"end":{"line":24,"column":28}},"loc":{"start":{"line":24,"column":42},"end":{"line":29,"column":1}}},"2":{"name":"createSession","decl":{"start":{"line":31,"column":15},"end":{"line":31,"column":28}},"loc":{"start":{"line":31,"column":43},"end":{"line":39,"column":1}}},"3":{"name":"validatePasswordOrFail","decl":{"start":{"line":41,"column":15},"end":{"line":41,"column":37}},"loc":{"start":{"line":41,"column":76},"end":{"line":44,"column":1}}}},"branchMap":{"0":{"loc":{"start":{"line":26,"column":2},"end":{"line":26,"column":45}},"type":"if","locations":[{"start":{"line":26,"column":2},"end":{"line":26,"column":45}}]},"1":{"loc":{"start":{"line":43,"column":2},"end":{"line":43,"column":56}},"type":"if","locations":[{"start":{"line":43,"column":2},"end":{"line":43,"column":56}}]}},"s":{"0":11,"1":11,"2":11,"3":11,"4":11,"5":11,"6":9,"7":9,"8":7,"9":5,"10":5,"11":9,"12":9,"13":2,"14":7,"15":5,"16":5,"17":5,"18":7,"19":7,"20":2,"21":11,"22":11,"23":11},"f":{"0":9,"1":9,"2":5,"3":7},"b":{"0":[2],"1":[2]}}
,"/home/math/Documents/Programação/VScode/driven/t7/modulo5/fase1/calvs-drivent/src/services/booking-service/index.ts": {"path":"/home/math/Documents/Programação/VScode/driven/t7/modulo5/fase1/calvs-drivent/src/services/booking-service/index.ts","statementMap":{"0":{"start":{"line":1,"column":0},"end":{"line":1,"column":66}},"1":{"start":{"line":2,"column":0},"end":{"line":2,"column":64}},"2":{"start":{"line":3,"column":0},"end":{"line":3,"column":66}},"3":{"start":{"line":4,"column":0},"end":{"line":4,"column":75}},"4":{"start":{"line":5,"column":0},"end":{"line":5,"column":47}},"5":{"start":{"line":8,"column":18},"end":{"line":8,"column":69}},"6":{"start":{"line":9,"column":2},"end":{"line":9,"column":38}},"7":{"start":{"line":9,"column":16},"end":{"line":9,"column":38}},"8":{"start":{"line":10,"column":2},"end":{"line":12,"column":4}},"9":{"start":{"line":16,"column":17},"end":{"line":16,"column":67}},"10":{"start":{"line":17,"column":2},"end":{"line":17,"column":86}},"11":{"start":{"line":17,"column":43},"end":{"line":17,"column":86}},"12":{"start":{"line":18,"column":2},"end":{"line":18,"column":108}},"13":{"start":{"line":18,"column":40},"end":{"line":18,"column":108}},"14":{"start":{"line":20,"column":2},"end":{"line":20,"column":60}},"15":{"start":{"line":20,"column":18},"end":{"line":20,"column":60}},"16":{"start":{"line":21,"column":15},"end":{"line":21,"column":58}},"17":{"start":{"line":22,"column":2},"end":{"line":22,"column":35}},"18":{"start":{"line":22,"column":13},"end":{"line":22,"column":35}},"19":{"start":{"line":23,"column":2},"end":{"line":23,"column":99}},"20":{"start":{"line":23,"column":44},"end":{"line":23,"column":99}},"21":{"start":{"line":25,"column":18},"end":{"line":25,"column":71}},"22":{"start":{"line":27,"column":2},"end":{"line":27,"column":35}},"23":{"start":{"line":31,"column":17},"end":{"line":31,"column":67}},"24":{"start":{"line":32,"column":2},"end":{"line":32,"column":86}},"25":{"start":{"line":32,"column":43},"end":{"line":32,"column":86}},"26":{"start":{"line":33,"column":2},"end":{"line":33,"column":108}},"27":{"start":{"line":33,"column":40},"end":{"line":33,"column":108}},"28":{"start":{"line":35,"column":2},"end":{"line":35,"column":77}},"29":{"start":{"line":35,"column":35},"end":{"line":35,"column":77}},"30":{"start":{"line":36,"column":15},"end":{"line":36,"column":58}},"31":{"start":{"line":37,"column":2},"end":{"line":37,"column":35}},"32":{"start":{"line":37,"column":13},"end":{"line":37,"column":35}},"33":{"start":{"line":38,"column":2},"end":{"line":38,"column":99}},"34":{"start":{"line":38,"column":44},"end":{"line":38,"column":99}},"35":{"start":{"line":40,"column":25},"end":{"line":40,"column":76}},"36":{"start":{"line":41,"column":2},"end":{"line":41,"column":89}},"37":{"start":{"line":41,"column":39},"end":{"line":41,"column":89}},"38":{"start":{"line":42,"column":18},"end":{"line":42,"column":82}},"39":{"start":{"line":44,"column":2},"end":{"line":44,"column":35}},"40":{"start":{"line":47,"column":23},"end":{"line":51,"column":2}},"41":{"start":{"line":52,"column":0},"end":{"line":52,"column":30}}},"fnMap":{"0":{"name":"getBookingByUserId","decl":{"start":{"line":7,"column":15},"end":{"line":7,"column":33}},"loc":{"start":{"line":7,"column":48},"end":{"line":13,"column":1}}},"1":{"name":"postBooking","decl":{"start":{"line":15,"column":15},"end":{"line":15,"column":26}},"loc":{"start":{"line":15,"column":57},"end":{"line":28,"column":1}}},"2":{"name":"putBooking","decl":{"start":{"line":30,"column":15},"end":{"line":30,"column":25}},"loc":{"start":{"line":30,"column":75},"end":{"line":45,"column":1}}}},"branchMap":{"0":{"loc":{"start":{"line":9,"column":2},"end":{"line":9,"column":38}},"type":"if","locations":[{"start":{"line":9,"column":2},"end":{"line":9,"column":38}}]},"1":{"loc":{"start":{"line":17,"column":2},"end":{"line":17,"column":86}},"type":"if","locations":[{"start":{"line":17,"column":2},"end":{"line":17,"column":86}}]},"2":{"loc":{"start":{"line":17,"column":6},"end":{"line":17,"column":41}},"type":"binary-expr","locations":[{"start":{"line":17,"column":6},"end":{"line":17,"column":13}},{"start":{"line":17,"column":17},"end":{"line":17,"column":41}}]},"3":{"loc":{"start":{"line":18,"column":2},"end":{"line":18,"column":108}},"type":"if","locations":[{"start":{"line":18,"column":2},"end":{"line":18,"column":108}}]},"4":{"loc":{"start":{"line":20,"column":2},"end":{"line":20,"column":60}},"type":"if","locations":[{"start":{"line":20,"column":2},"end":{"line":20,"column":60}}]},"5":{"loc":{"start":{"line":22,"column":2},"end":{"line":22,"column":35}},"type":"if","locations":[{"start":{"line":22,"column":2},"end":{"line":22,"column":35}}]},"6":{"loc":{"start":{"line":23,"column":2},"end":{"line":23,"column":99}},"type":"if","locations":[{"start":{"line":23,"column":2},"end":{"line":23,"column":99}}]},"7":{"loc":{"start":{"line":32,"column":2},"end":{"line":32,"column":86}},"type":"if","locations":[{"start":{"line":32,"column":2},"end":{"line":32,"column":86}}]},"8":{"loc":{"start":{"line":32,"column":6},"end":{"line":32,"column":41}},"type":"binary-expr","locations":[{"start":{"line":32,"column":6},"end":{"line":32,"column":13}},{"start":{"line":32,"column":17},"end":{"line":32,"column":41}}]},"9":{"loc":{"start":{"line":33,"column":2},"end":{"line":33,"column":108}},"type":"if","locations":[{"start":{"line":33,"column":2},"end":{"line":33,"column":108}}]},"10":{"loc":{"start":{"line":35,"column":2},"end":{"line":35,"column":77}},"type":"if","locations":[{"start":{"line":35,"column":2},"end":{"line":35,"column":77}}]},"11":{"loc":{"start":{"line":35,"column":6},"end":{"line":35,"column":33}},"type":"binary-expr","locations":[{"start":{"line":35,"column":6},"end":{"line":35,"column":16}},{"start":{"line":35,"column":20},"end":{"line":35,"column":33}}]},"12":{"loc":{"start":{"line":37,"column":2},"end":{"line":37,"column":35}},"type":"if","locations":[{"start":{"line":37,"column":2},"end":{"line":37,"column":35}}]},"13":{"loc":{"start":{"line":38,"column":2},"end":{"line":38,"column":99}},"type":"if","locations":[{"start":{"line":38,"column":2},"end":{"line":38,"column":99}}]},"14":{"loc":{"start":{"line":41,"column":2},"end":{"line":41,"column":89}},"type":"if","locations":[{"start":{"line":41,"column":2},"end":{"line":41,"column":89}}]}},"s":{"0":11,"1":11,"2":11,"3":11,"4":11,"5":2,"6":2,"7":1,"8":1,"9":6,"10":6,"11":1,"12":5,"13":1,"14":4,"15":1,"16":3,"17":3,"18":1,"19":2,"20":1,"21":1,"22":1,"23":7,"24":7,"25":1,"26":6,"27":1,"28":5,"29":2,"30":3,"31":3,"32":1,"33":2,"34":1,"35":1,"36":1,"37":0,"38":1,"39":1,"40":11,"41":11},"f":{"0":2,"1":6,"2":7},"b":{"0":[1],"1":[1],"2":[6,6],"3":[1],"4":[1],"5":[1],"6":[1],"7":[1],"8":[7,7],"9":[1],"10":[2],"11":[5,4],"12":[1],"13":[1],"14":[0]}}
,"/home/math/Documents/Programação/VScode/driven/t7/modulo5/fase1/calvs-drivent/src/services/enrollments-service/index.ts": {"path":"/home/math/Documents/Programação/VScode/driven/t7/modulo5/fase1/calvs-drivent/src/services/enrollments-service/index.ts","statementMap":{"0":{"start":{"line":1,"column":0},"end":{"line":1,"column":49}},"1":{"start":{"line":2,"column":0},"end":{"line":2,"column":41}},"2":{"start":{"line":3,"column":0},"end":{"line":3,"column":91}},"3":{"start":{"line":4,"column":0},"end":{"line":4,"column":100}},"4":{"start":{"line":5,"column":0},"end":{"line":5,"column":47}},"5":{"start":{"line":10,"column":17},"end":{"line":10,"column":38}},"6":{"start":{"line":11,"column":2},"end":{"line":13,"column":null}},"7":{"start":{"line":12,"column":4},"end":{"line":12,"column":26}},"8":{"start":{"line":15,"column":30},"end":{"line":21,"column":4}},"9":{"start":{"line":23,"column":2},"end":{"line":23,"column":17}},"10":{"start":{"line":32,"column":32},"end":{"line":32,"column":90}},"11":{"start":{"line":34,"column":2},"end":{"line":34,"column":52}},"12":{"start":{"line":34,"column":30},"end":{"line":34,"column":52}},"13":{"start":{"line":36,"column":25},"end":{"line":36,"column":54}},"14":{"start":{"line":37,"column":18},"end":{"line":37,"column":47}},"15":{"start":{"line":39,"column":2},"end":{"line":42,"column":4}},"16":{"start":{"line":48,"column":2},"end":{"line":48,"column":33}},"17":{"start":{"line":48,"column":21},"end":{"line":48,"column":33}},"18":{"start":{"line":50,"column":2},"end":{"line":50,"column":73}},"19":{"start":{"line":56,"column":21},"end":{"line":56,"column":47}},"20":{"start":{"line":57,"column":18},"end":{"line":57,"column":53}},"21":{"start":{"line":58,"column":24},"end":{"line":58,"column":60}},"22":{"start":{"line":59,"column":2},"end":{"line":59,"column":45}},"23":{"start":{"line":59,"column":25},"end":{"line":59,"column":45}},"24":{"start":{"line":61,"column":24},"end":{"line":61,"column":115}},"25":{"start":{"line":63,"column":2},"end":{"line":63,"column":69}},"26":{"start":{"line":67,"column":2},"end":{"line":70,"column":4}},"27":{"start":{"line":77,"column":27},"end":{"line":81,"column":2}},"28":{"start":{"line":83,"column":0},"end":{"line":83,"column":34}}},"fnMap":{"0":{"name":"getAddressFromCEP","decl":{"start":{"line":9,"column":15},"end":{"line":9,"column":32}},"loc":{"start":{"line":9,"column":44},"end":{"line":24,"column":1}}},"1":{"name":"getOneWithAddressByUserId","decl":{"start":{"line":31,"column":15},"end":{"line":31,"column":40}},"loc":{"start":{"line":31,"column":55},"end":{"line":43,"column":1}}},"2":{"name":"getFirstAddress","decl":{"start":{"line":47,"column":9},"end":{"line":47,"column":24}},"loc":{"start":{"line":47,"column":46},"end":{"line":51,"column":1}}},"3":{"name":"createOrUpdateEnrollmentWithAddress","decl":{"start":{"line":55,"column":15},"end":{"line":55,"column":50}},"loc":{"start":{"line":55,"column":94},"end":{"line":64,"column":1}}},"4":{"name":"getAddressForUpsert","decl":{"start":{"line":66,"column":9},"end":{"line":66,"column":28}},"loc":{"start":{"line":66,"column":57},"end":{"line":71,"column":1}}}},"branchMap":{"0":{"loc":{"start":{"line":11,"column":2},"end":{"line":13,"column":null}},"type":"if","locations":[{"start":{"line":11,"column":2},"end":{"line":13,"column":null}}]},"1":{"loc":{"start":{"line":34,"column":2},"end":{"line":34,"column":52}},"type":"if","locations":[{"start":{"line":34,"column":2},"end":{"line":34,"column":52}}]},"2":{"loc":{"start":{"line":41,"column":8},"end":{"line":41,"column":32}},"type":"binary-expr","locations":[{"start":{"line":41,"column":8},"end":{"line":41,"column":17}},{"start":{"line":41,"column":21},"end":{"line":41,"column":32}}]},"3":{"loc":{"start":{"line":48,"column":2},"end":{"line":48,"column":33}},"type":"if","locations":[{"start":{"line":48,"column":2},"end":{"line":48,"column":33}}]},"4":{"loc":{"start":{"line":59,"column":2},"end":{"line":59,"column":45}},"type":"if","locations":[{"start":{"line":59,"column":2},"end":{"line":59,"column":45}}]},"5":{"loc":{"start":{"line":69,"column":8},"end":{"line":69,"column":74}},"type":"binary-expr","locations":[{"start":{"line":69,"column":8},"end":{"line":69,"column":30}},{"start":{"line":69,"column":34},"end":{"line":69,"column":74}}]}},"s":{"0":11,"1":11,"2":11,"3":11,"4":11,"5":4,"6":4,"7":1,"8":3,"9":3,"10":2,"11":2,"12":1,"13":1,"14":1,"15":1,"16":1,"17":0,"18":1,"19":2,"20":2,"21":2,"22":2,"23":0,"24":2,"25":2,"26":2,"27":11,"28":11},"f":{"0":4,"1":2,"2":1,"3":2,"4":2},"b":{"0":[1],"1":[1],"2":[1,1],"3":[0],"4":[0],"5":[2,2]}}
,"/home/math/Documents/Programação/VScode/driven/t7/modulo5/fase1/calvs-drivent/src/services/events-service/index.ts": {"path":"/home/math/Documents/Programação/VScode/driven/t7/modulo5/fase1/calvs-drivent/src/services/events-service/index.ts","statementMap":{"0":{"start":{"line":1,"column":0},"end":{"line":1,"column":41}},"1":{"start":{"line":2,"column":0},"end":{"line":2,"column":62}},"2":{"start":{"line":3,"column":0},"end":{"line":3,"column":47}},"3":{"start":{"line":5,"column":0},"end":{"line":5,"column":26}},"4":{"start":{"line":8,"column":16},"end":{"line":8,"column":49}},"5":{"start":{"line":9,"column":2},"end":{"line":9,"column":36}},"6":{"start":{"line":9,"column":14},"end":{"line":9,"column":36}},"7":{"start":{"line":11,"column":2},"end":{"line":11,"column":50}},"8":{"start":{"line":17,"column":16},"end":{"line":17,"column":49}},"9":{"start":{"line":18,"column":2},"end":{"line":18,"column":27}},"10":{"start":{"line":18,"column":14},"end":{"line":18,"column":27}},"11":{"start":{"line":20,"column":14},"end":{"line":20,"column":21}},"12":{"start":{"line":21,"column":24},"end":{"line":21,"column":45}},"13":{"start":{"line":22,"column":22},"end":{"line":22,"column":41}},"14":{"start":{"line":24,"column":2},"end":{"line":24,"column":65}},"15":{"start":{"line":27,"column":22},"end":{"line":30,"column":2}},"16":{"start":{"line":32,"column":0},"end":{"line":32,"column":29}}},"fnMap":{"0":{"name":"getFirstEvent","decl":{"start":{"line":7,"column":15},"end":{"line":7,"column":28}},"loc":{"start":{"line":7,"column":28},"end":{"line":12,"column":1}}},"1":{"name":"isCurrentEventActive","decl":{"start":{"line":16,"column":15},"end":{"line":16,"column":35}},"loc":{"start":{"line":16,"column":35},"end":{"line":25,"column":1}}}},"branchMap":{"0":{"loc":{"start":{"line":9,"column":2},"end":{"line":9,"column":36}},"type":"if","locations":[{"start":{"line":9,"column":2},"end":{"line":9,"column":36}}]},"1":{"loc":{"start":{"line":18,"column":2},"end":{"line":18,"column":27}},"type":"if","locations":[{"start":{"line":18,"column":2},"end":{"line":18,"column":27}}]},"2":{"loc":{"start":{"line":24,"column":9},"end":{"line":24,"column":64}},"type":"binary-expr","locations":[{"start":{"line":24,"column":9},"end":{"line":24,"column":35}},{"start":{"line":24,"column":39},"end":{"line":24,"column":64}}]}},"s":{"0":11,"1":11,"2":11,"3":11,"4":2,"5":2,"6":1,"7":1,"8":9,"9":9,"10":1,"11":8,"12":8,"13":8,"14":8,"15":11,"16":11},"f":{"0":2,"1":9},"b":{"0":[1],"1":[1],"2":[8,7]}}
,"/home/math/Documents/Programação/VScode/driven/t7/modulo5/fase1/calvs-drivent/src/services/hotels-service/index.ts": {"path":"/home/math/Documents/Programação/VScode/driven/t7/modulo5/fase1/calvs-drivent/src/services/hotels-service/index.ts","statementMap":{"0":{"start":{"line":2,"column":0},"end":{"line":2,"column":64}},"1":{"start":{"line":3,"column":0},"end":{"line":3,"column":68}},"2":{"start":{"line":4,"column":0},"end":{"line":4,"column":60}},"3":{"start":{"line":7,"column":18},"end":{"line":7,"column":84}},"4":{"start":{"line":8,"column":2},"end":{"line":10,"column":null}},"5":{"start":{"line":9,"column":4},"end":{"line":9,"column":30}},"6":{"start":{"line":11,"column":2},"end":{"line":11,"column":39}},"7":{"start":{"line":15,"column":18},"end":{"line":15,"column":84}},"8":{"start":{"line":16,"column":2},"end":{"line":18,"column":null}},"9":{"start":{"line":17,"column":4},"end":{"line":17,"column":30}},"10":{"start":{"line":19,"column":16},"end":{"line":19,"column":74}},"11":{"start":{"line":20,"column":2},"end":{"line":20,"column":38}},"12":{"start":{"line":20,"column":16},"end":{"line":20,"column":38}},"13":{"start":{"line":22,"column":2},"end":{"line":22,"column":15}},"14":{"start":{"line":25,"column":22},"end":{"line":28,"column":2}},"15":{"start":{"line":30,"column":0},"end":{"line":30,"column":29}}},"fnMap":{"0":{"name":"getHotels","decl":{"start":{"line":6,"column":15},"end":{"line":6,"column":24}},"loc":{"start":{"line":6,"column":39},"end":{"line":12,"column":1}}},"1":{"name":"getRooms","decl":{"start":{"line":14,"column":15},"end":{"line":14,"column":23}},"loc":{"start":{"line":14,"column":55},"end":{"line":23,"column":1}}}},"branchMap":{"0":{"loc":{"start":{"line":8,"column":2},"end":{"line":10,"column":null}},"type":"if","locations":[{"start":{"line":8,"column":2},"end":{"line":10,"column":null}}]},"1":{"loc":{"start":{"line":8,"column":6},"end":{"line":8,"column":98}},"type":"binary-expr","locations":[{"start":{"line":8,"column":6},"end":{"line":8,"column":14}},{"start":{"line":8,"column":18},"end":{"line":8,"column":58}},{"start":{"line":8,"column":62},"end":{"line":8,"column":98}}]},"2":{"loc":{"start":{"line":16,"column":2},"end":{"line":18,"column":null}},"type":"if","locations":[{"start":{"line":16,"column":2},"end":{"line":18,"column":null}}]},"3":{"loc":{"start":{"line":16,"column":6},"end":{"line":16,"column":98}},"type":"binary-expr","locations":[{"start":{"line":16,"column":6},"end":{"line":16,"column":14}},{"start":{"line":16,"column":18},"end":{"line":16,"column":58}},{"start":{"line":16,"column":62},"end":{"line":16,"column":98}}]},"4":{"loc":{"start":{"line":20,"column":2},"end":{"line":20,"column":38}},"type":"if","locations":[{"start":{"line":20,"column":2},"end":{"line":20,"column":38}}]}},"s":{"0":11,"1":11,"2":11,"3":4,"4":4,"5":3,"6":1,"7":3,"8":3,"9":1,"10":2,"11":2,"12":1,"13":1,"14":11,"15":11},"f":{"0":4,"1":3},"b":{"0":[3],"1":[4,2,1],"2":[1],"3":[3,3,2],"4":[1]}}
,"/home/math/Documents/Programação/VScode/driven/t7/modulo5/fase1/calvs-drivent/src/services/payments-service/index.ts": {"path":"/home/math/Documents/Programação/VScode/driven/t7/modulo5/fase1/calvs-drivent/src/services/payments-service/index.ts","statementMap":{"0":{"start":{"line":1,"column":0},"end":{"line":1,"column":68}},"1":{"start":{"line":2,"column":0},"end":{"line":2,"column":66}},"2":{"start":{"line":3,"column":0},"end":{"line":3,"column":60}},"3":{"start":{"line":9,"column":17},"end":{"line":9,"column":83}},"4":{"start":{"line":10,"column":2},"end":{"line":10,"column":37}},"5":{"start":{"line":10,"column":15},"end":{"line":10,"column":37}},"6":{"start":{"line":11,"column":2},"end":{"line":11,"column":69}},"7":{"start":{"line":11,"column":43},"end":{"line":11,"column":69}},"8":{"start":{"line":12,"column":2},"end":{"line":12,"column":27}},"9":{"start":{"line":16,"column":25},"end":{"line":16,"column":62}},"10":{"start":{"line":17,"column":17},"end":{"line":17,"column":90}},"11":{"start":{"line":18,"column":2},"end":{"line":18,"column":37}},"12":{"start":{"line":18,"column":15},"end":{"line":18,"column":37}},"13":{"start":{"line":19,"column":2},"end":{"line":19,"column":69}},"14":{"start":{"line":19,"column":43},"end":{"line":19,"column":69}},"15":{"start":{"line":21,"column":2},"end":{"line":23,"column":5}},"16":{"start":{"line":25,"column":31},"end":{"line":30,"column":4}},"17":{"start":{"line":32,"column":17},"end":{"line":32,"column":64}},"18":{"start":{"line":33,"column":2},"end":{"line":33,"column":16}},"19":{"start":{"line":36,"column":24},"end":{"line":39,"column":2}},"20":{"start":{"line":41,"column":0},"end":{"line":41,"column":31}}},"fnMap":{"0":{"name":"getPaymentByTicketId","decl":{"start":{"line":8,"column":15},"end":{"line":8,"column":35}},"loc":{"start":{"line":8,"column":68},"end":{"line":13,"column":1}}},"1":{"name":"createPayment","decl":{"start":{"line":15,"column":15},"end":{"line":15,"column":28}},"loc":{"start":{"line":15,"column":61},"end":{"line":34,"column":1}}}},"branchMap":{"0":{"loc":{"start":{"line":10,"column":2},"end":{"line":10,"column":37}},"type":"if","locations":[{"start":{"line":10,"column":2},"end":{"line":10,"column":37}}]},"1":{"loc":{"start":{"line":11,"column":2},"end":{"line":11,"column":69}},"type":"if","locations":[{"start":{"line":11,"column":2},"end":{"line":11,"column":69}}]},"2":{"loc":{"start":{"line":18,"column":2},"end":{"line":18,"column":37}},"type":"if","locations":[{"start":{"line":18,"column":2},"end":{"line":18,"column":37}}]},"3":{"loc":{"start":{"line":19,"column":2},"end":{"line":19,"column":69}},"type":"if","locations":[{"start":{"line":19,"column":2},"end":{"line":19,"column":69}}]}},"s":{"0":11,"1":11,"2":11,"3":3,"4":3,"5":1,"6":2,"7":1,"8":1,"9":5,"10":5,"11":5,"12":1,"13":4,"14":1,"15":3,"16":3,"17":3,"18":3,"19":11,"20":11},"f":{"0":3,"1":5},"b":{"0":[1],"1":[1],"2":[1],"3":[1]}}
,"/home/math/Documents/Programação/VScode/driven/t7/modulo5/fase1/calvs-drivent/src/services/tickets-service/index.ts": {"path":"/home/math/Documents/Programação/VScode/driven/t7/modulo5/fase1/calvs-drivent/src/services/tickets-service/index.ts","statementMap":{"0":{"start":{"line":1,"column":0},"end":{"line":1,"column":66}},"1":{"start":{"line":2,"column":0},"end":{"line":2,"column":72}},"2":{"start":{"line":3,"column":0},"end":{"line":3,"column":41}},"3":{"start":{"line":7,"column":21},"end":{"line":7,"column":60}},"4":{"start":{"line":8,"column":2},"end":{"line":8,"column":20}},"5":{"start":{"line":12,"column":21},"end":{"line":12,"column":79}},"6":{"start":{"line":13,"column":2},"end":{"line":13,"column":41}},"7":{"start":{"line":13,"column":19},"end":{"line":13,"column":41}},"8":{"start":{"line":14,"column":17},"end":{"line":14,"column":80}},"9":{"start":{"line":15,"column":2},"end":{"line":15,"column":37}},"10":{"start":{"line":15,"column":15},"end":{"line":15,"column":37}},"11":{"start":{"line":17,"column":2},"end":{"line":17,"column":16}},"12":{"start":{"line":23,"column":21},"end":{"line":23,"column":79}},"13":{"start":{"line":24,"column":2},"end":{"line":24,"column":41}},"14":{"start":{"line":24,"column":19},"end":{"line":24,"column":41}},"15":{"start":{"line":25,"column":2},"end":{"line":25,"column":108}},"16":{"start":{"line":28,"column":23},"end":{"line":32,"column":2}},"17":{"start":{"line":34,"column":0},"end":{"line":34,"column":30}}},"fnMap":{"0":{"name":"getTicketType","decl":{"start":{"line":6,"column":15},"end":{"line":6,"column":28}},"loc":{"start":{"line":6,"column":28},"end":{"line":9,"column":1}}},"1":{"name":"getTicketByUserId","decl":{"start":{"line":11,"column":15},"end":{"line":11,"column":32}},"loc":{"start":{"line":11,"column":47},"end":{"line":18,"column":1}}},"2":{"name":"createAndReturnReserveTicket","decl":{"start":{"line":22,"column":15},"end":{"line":22,"column":43}},"loc":{"start":{"line":22,"column":80},"end":{"line":26,"column":1}}}},"branchMap":{"0":{"loc":{"start":{"line":13,"column":2},"end":{"line":13,"column":41}},"type":"if","locations":[{"start":{"line":13,"column":2},"end":{"line":13,"column":41}}]},"1":{"loc":{"start":{"line":15,"column":2},"end":{"line":15,"column":37}},"type":"if","locations":[{"start":{"line":15,"column":2},"end":{"line":15,"column":37}}]},"2":{"loc":{"start":{"line":24,"column":2},"end":{"line":24,"column":41}},"type":"if","locations":[{"start":{"line":24,"column":2},"end":{"line":24,"column":41}}]}},"s":{"0":11,"1":11,"2":11,"3":2,"4":2,"5":3,"6":3,"7":1,"8":2,"9":2,"10":1,"11":1,"12":3,"13":3,"14":1,"15":2,"16":11,"17":11},"f":{"0":2,"1":3,"2":3},"b":{"0":[1],"1":[1],"2":[1]}}
,"/home/math/Documents/Programação/VScode/driven/t7/modulo5/fase1/calvs-drivent/src/services/users-service/errors.ts": {"path":"/home/math/Documents/Programação/VScode/driven/t7/modulo5/fase1/calvs-drivent/src/services/users-service/errors.ts","statementMap":{"0":{"start":{"line":4,"column":2},"end":{"line":7,"column":4}},"1":{"start":{"line":3,"column":0},"end":{"line":3,"column":16}}},"fnMap":{"0":{"name":"duplicatedEmailError","decl":{"start":{"line":3,"column":16},"end":{"line":3,"column":36}},"loc":{"start":{"line":3,"column":36},"end":{"line":8,"column":1}}}},"branchMap":{},"s":{"0":4,"1":11},"f":{"0":4},"b":{}}
,"/home/math/Documents/Programação/VScode/driven/t7/modulo5/fase1/calvs-drivent/src/services/users-service/index.ts": {"path":"/home/math/Documents/Programação/VScode/driven/t7/modulo5/fase1/calvs-drivent/src/services/users-service/index.ts","statementMap":{"0":{"start":{"line":1,"column":0},"end":{"line":1,"column":60}},"1":{"start":{"line":2,"column":0},"end":{"line":2,"column":60}},"2":{"start":{"line":4,"column":0},"end":{"line":4,"column":28}},"3":{"start":{"line":5,"column":0},"end":{"line":5,"column":46}},"4":{"start":{"line":6,"column":0},"end":{"line":6,"column":48}},"5":{"start":{"line":9,"column":2},"end":{"line":9,"column":26}},"6":{"start":{"line":11,"column":2},"end":{"line":11,"column":41}},"7":{"start":{"line":13,"column":25},"end":{"line":13,"column":56}},"8":{"start":{"line":14,"column":2},"end":{"line":17,"column":5}},"9":{"start":{"line":8,"column":0},"end":{"line":8,"column":7}},"10":{"start":{"line":21,"column":28},"end":{"line":21,"column":67}},"11":{"start":{"line":22,"column":2},"end":{"line":24,"column":null}},"12":{"start":{"line":23,"column":4},"end":{"line":23,"column":33}},"13":{"start":{"line":28,"column":20},"end":{"line":28,"column":62}},"14":{"start":{"line":29,"column":2},"end":{"line":31,"column":null}},"15":{"start":{"line":30,"column":4},"end":{"line":30,"column":45}},"16":{"start":{"line":36,"column":20},"end":{"line":38,"column":2}},"17":{"start":{"line":40,"column":0},"end":{"line":40,"column":25}},"18":{"start":{"line":41,"column":0},"end":{"line":41,"column":27}}},"fnMap":{"0":{"name":"createUser","decl":{"start":{"line":8,"column":22},"end":{"line":8,"column":32}},"loc":{"start":{"line":8,"column":70},"end":{"line":18,"column":1}}},"1":{"name":"validateUniqueEmailOrFail","decl":{"start":{"line":20,"column":15},"end":{"line":20,"column":40}},"loc":{"start":{"line":20,"column":54},"end":{"line":25,"column":1}}},"2":{"name":"canEnrollOrFail","decl":{"start":{"line":27,"column":15},"end":{"line":27,"column":30}},"loc":{"start":{"line":27,"column":30},"end":{"line":32,"column":1}}}},"branchMap":{"0":{"loc":{"start":{"line":22,"column":2},"end":{"line":24,"column":null}},"type":"if","locations":[{"start":{"line":22,"column":2},"end":{"line":24,"column":null}}]},"1":{"loc":{"start":{"line":29,"column":2},"end":{"line":31,"column":null}},"type":"if","locations":[{"start":{"line":29,"column":2},"end":{"line":31,"column":null}}]}},"s":{"0":11,"1":11,"2":11,"3":11,"4":11,"5":9,"6":7,"7":5,"8":5,"9":11,"10":7,"11":7,"12":2,"13":9,"14":9,"15":2,"16":11,"17":11,"18":11},"f":{"0":9,"1":7,"2":9},"b":{"0":[2],"1":[2]}}
,"/home/math/Documents/Programação/VScode/driven/t7/modulo5/fase1/calvs-drivent/src/utils/cep-service.ts": {"path":"/home/math/Documents/Programação/VScode/driven/t7/modulo5/fase1/calvs-drivent/src/utils/cep-service.ts","statementMap":{"0":{"start":{"line":2,"column":0},"end":{"line":2,"column":36}},"1":{"start":{"line":5,"column":17},"end":{"line":5,"column":75}},"2":{"start":{"line":6,"column":2},"end":{"line":6,"column":21}},"3":{"start":{"line":10,"column":2},"end":{"line":10,"column":12}}},"fnMap":{"0":{"name":"getAddress","decl":{"start":{"line":4,"column":15},"end":{"line":4,"column":25}},"loc":{"start":{"line":4,"column":37},"end":{"line":7,"column":1}}}},"branchMap":{},"s":{"0":11,"1":4,"2":4,"3":11},"f":{"0":4},"b":{}}
,"/home/math/Documents/Programação/VScode/driven/t7/modulo5/fase1/calvs-drivent/src/utils/prisma-utils.ts": {"path":"/home/math/Documents/Programação/VScode/driven/t7/modulo5/fase1/calvs-drivent/src/utils/prisma-utils.ts","statementMap":{"0":{"start":{"line":2,"column":20},"end":{"line":2,"column":54}},"1":{"start":{"line":3,"column":2},"end":{"line":5,"column":null}},"2":{"start":{"line":4,"column":4},"end":{"line":4,"column":26}},"3":{"start":{"line":6,"column":2},"end":{"line":6,"column":19}},"4":{"start":{"line":1,"column":0},"end":{"line":1,"column":16}}},"fnMap":{"0":{"name":"exclude","decl":{"start":{"line":1,"column":16},"end":{"line":1,"column":23}},"loc":{"start":{"line":1,"column":73},"end":{"line":7,"column":1}}}},"branchMap":{},"s":{"0":14,"1":14,"2":23,"3":14,"4":11},"f":{"0":14},"b":{}}
,"/home/math/Documents/Programação/VScode/driven/t7/modulo5/fase1/calvs-drivent/src/utils/request.ts": {"path":"/home/math/Documents/Programação/VScode/driven/t7/modulo5/fase1/calvs-drivent/src/utils/request.ts","statementMap":{"0":{"start":{"line":1,"column":0},"end":{"line":1,"column":26}},"1":{"start":{"line":2,"column":0},"end":{"line":2,"column":40}},"2":{"start":{"line":5,"column":2},"end":{"line":15,"column":null}},"3":{"start":{"line":6,"column":19},"end":{"line":6,"column":39}},"4":{"start":{"line":7,"column":4},"end":{"line":7,"column":18}},"5":{"start":{"line":12,"column":8},"end":{"line":12,"column":22}},"6":{"start":{"line":14,"column":4},"end":{"line":14,"column":44}},"7":{"start":{"line":18,"column":13},"end":{"line":20,"column":2}}},"fnMap":{"0":{"name":"get","decl":{"start":{"line":4,"column":15},"end":{"line":4,"column":18}},"loc":{"start":{"line":4,"column":30},"end":{"line":16,"column":1}}}},"branchMap":{},"s":{"0":11,"1":11,"2":4,"3":4,"4":3,"5":1,"6":1,"7":11},"f":{"0":4},"b":{}}
}
